Rust by Facepunch Studios LTD [version: Unity 2019.4.7f1_e992b1a16e65]

UnityPlayer.dll caused an Access Violation (0xc0000005)
  in module UnityPlayer.dll at 0033:80599e64.

Error occurred at 2022-04-13_094728.
Z:\home\patrick\.local\share\Steam\steamapps\common\Rust\RustClient.exe, run by steamuser.

43% physical memory in use.
32625 MB physical memory [18474 MB free].
10298 MB process peak paging file [10298 MB used].
10695 MB process peak working set [10694 MB used].
System Commit Total/Limit/Peak: 13639MB/32625MB/0MB
System Physical Total/Available: 32113MB/18474MB
System Process Count: 11
System Thread Count: 137
System Handle Count: 2016
Disk space data for 'C:\users\steamuser\Temp\Facepunch Studios LTD\Rust\Crashes\Crash_2022-04-13_134723000\': 938278457344 bytes free of 1023886966784 total.

Read from location 0000000000000037 caused an access violation.

Context:
RDI:    0x0000000000000000  RSI: 0x0000000a7d5a5a08  RAX:   0x0000000000000037
RBX:    0x0000000000000019  RCX: 0x000000000000f000  RDX:   0x0000000063e6bf80
RIP:    0x0000000180599e64  RBP: 0x00000000800ad2c0  SegCs: 0x0000000000000033
EFlags: 0x0000000000010202  RSP: 0x000000000010e3c0  SegSs: 0x000000000000002b
R8:     0x000000000000000e  R9:  0x0000000007fffff8  R10:   0x00000000c0002930
R11:    0x00000009e0001020  R12: 0x000000000010e4a0  R13:   0x0000000000000000
R14:    0x0000000000000000  R15: 0x00000001817c33e0


Bytes at CS:EIP:
41 8b 2c 06 e8 73 51 ff ff 8b 48 40 41 0f af 4f 

No mono DLL path set. This app is either running IL2CPP, or the crash occurred before mono was initialized.


Stack Trace of Crashed Thread 344:
0x0000000180599E64 (unityplayer) UnityMain
0x0000000180602B91 (unityplayer) UnityMain
0x00000001805E8FC6 (unityplayer) UnityMain
0x00000001805F2C11 (unityplayer) UnityMain
0x00000001807936D7 (unityplayer) UnityMain
0x00000001807855A7 (unityplayer) UnityMain
0x0000000180785643 (unityplayer) UnityMain
0x0000000180787A43 (unityplayer) UnityMain
ERROR: SymGetSymFromAddr64, GetLastError: 'Invalid handle.' (Address: 000000018053FABE)
0x000000018053FABE (unityplayer) (function-name not available)
ERROR: SymGetSymFromAddr64, GetLastError: 'Invalid handle.' (Address: 000000018053E81A)
0x000000018053E81A (unityplayer) (function-name not available)
ERROR: SymGetSymFromAddr64, GetLastError: 'Invalid handle.' (Address: 00000001805428B8)
0x00000001805428B8 (unityplayer) (function-name not available)
0x00000001805463BB (unityplayer) UnityMain
ERROR: SymGetSymFromAddr64, GetLastError: 'Invalid handle.' (Address: 00000001400011F2)
0x00000001400011F2 (rustclient) (function-name not available)
0x000000007B62C999 (kernel32) BaseThreadInitThunk
0x000000017005F1E3 (ntdll) RtlUserThreadStart

Stacks for Running Threads:

Call Stack for Thread 364:
0x000000017000E1B4 (ntdll) NtWaitForMultipleObjects
0x000000007B06C81A (kernelbase) SHLoadIndirectString
0x000000007B06CF9B (kernelbase) WaitForSingleObjectEx
0x00000000611C1B89 (gameassembly) il2cpp_value_box
0x000000006122CF6E (gameassembly) WriteZStream
0x00000000611C02C2 (gameassembly) il2cpp_value_box
0x00000000611C1703 (gameassembly) il2cpp_value_box
0x000000007B62C999 (kernel32) BaseThreadInitThunk
0x000000017005F1E3 (ntdll) RtlUserThreadStart


Call Stack for Thread 368:
0x000000017000E1B4 (ntdll) NtWaitForMultipleObjects
0x000000007B06C81A (kernelbase) SHLoadIndirectString
0x000000007B06CF9B (kernelbase) WaitForSingleObjectEx
0x0000000180E8AB02 (unityplayer) UnityMain
0x0000000180740A50 (unityplayer) UnityMain
0x0000000180741B20 (unityplayer) UnityMain
0x000000018082C9F8 (unityplayer) UnityMain
0x000000007B62C999 (kernel32) BaseThreadInitThunk
0x000000017005F1E3 (ntdll) RtlUserThreadStart


Call Stack for Thread 372:
0x000000017000E1B4 (ntdll) NtWaitForMultipleObjects
0x000000007B06C81A (kernelbase) SHLoadIndirectString
0x000000007B06CF9B (kernelbase) WaitForSingleObjectEx
0x0000000180E8AB02 (unityplayer) UnityMain
0x0000000180740A50 (unityplayer) UnityMain
0x0000000180741B20 (unityplayer) UnityMain
0x000000018082C9F8 (unityplayer) UnityMain
0x000000007B62C999 (kernel32) BaseThreadInitThunk
0x000000017005F1E3 (ntdll) RtlUserThreadStart


Call Stack for Thread 376:
0x000000017000E1B4 (ntdll) NtWaitForMultipleObjects
0x000000007B06C81A (kernelbase) SHLoadIndirectString
0x000000007B06CF9B (kernelbase) WaitForSingleObjectEx
0x0000000180E8AB02 (unityplayer) UnityMain
0x0000000180740A50 (unityplayer) UnityMain
0x0000000180741B20 (unityplayer) UnityMain
0x000000018082C9F8 (unityplayer) UnityMain
0x000000007B62C999 (kernel32) BaseThreadInitThunk
0x000000017005F1E3 (ntdll) RtlUserThreadStart


Call Stack for Thread 380:
0x000000017000E1B4 (ntdll) NtWaitForMultipleObjects
0x000000007B06C81A (kernelbase) SHLoadIndirectString
0x000000007B06CF9B (kernelbase) WaitForSingleObjectEx
0x0000000180E8AB02 (unityplayer) UnityMain
0x0000000180740A50 (unityplayer) UnityMain
0x0000000180741B20 (unityplayer) UnityMain
0x000000018082C9F8 (unityplayer) UnityMain
0x000000007B62C999 (kernel32) BaseThreadInitThunk
0x000000017005F1E3 (ntdll) RtlUserThreadStart


Call Stack for Thread 384:
0x000000017000E1B4 (ntdll) NtWaitForMultipleObjects
0x000000007B06C81A (kernelbase) SHLoadIndirectString
0x000000007B06CF9B (kernelbase) WaitForSingleObjectEx
0x0000000180E8AB02 (unityplayer) UnityMain
0x0000000180740A50 (unityplayer) UnityMain
0x0000000180741B20 (unityplayer) UnityMain
0x000000018082C9F8 (unityplayer) UnityMain
0x000000007B62C999 (kernel32) BaseThreadInitThunk
0x000000017005F1E3 (ntdll) RtlUserThreadStart


Call Stack for Thread 388:
0x000000017000E1B4 (ntdll) NtWaitForMultipleObjects
0x000000007B06C81A (kernelbase) SHLoadIndirectString
0x000000007B06CF9B (kernelbase) WaitForSingleObjectEx
0x0000000180E8AB02 (unityplayer) UnityMain
0x0000000180740A50 (unityplayer) UnityMain
0x0000000180741B20 (unityplayer) UnityMain
0x000000018082C9F8 (unityplayer) UnityMain
0x000000007B62C999 (kernel32) BaseThreadInitThunk
0x000000017005F1E3 (ntdll) RtlUserThreadStart


Call Stack for Thread 392:
0x000000017000E1B4 (ntdll) NtWaitForMultipleObjects
0x000000007B06C81A (kernelbase) SHLoadIndirectString
0x000000007B06CF9B (kernelbase) WaitForSingleObjectEx
0x0000000180E8AB02 (unityplayer) UnityMain
0x0000000180740A50 (unityplayer) UnityMain
0x0000000180741B20 (unityplayer) UnityMain
0x000000018082C9F8 (unityplayer) UnityMain
0x000000007B62C999 (kernel32) BaseThreadInitThunk
0x000000017005F1E3 (ntdll) RtlUserThreadStart


Call Stack for Thread 396:
0x000000017000E1B4 (ntdll) NtWaitForMultipleObjects
0x000000007B06C81A (kernelbase) SHLoadIndirectString
0x000000007B06CF9B (kernelbase) WaitForSingleObjectEx
0x0000000180E8AB02 (unityplayer) UnityMain
0x0000000180740A50 (unityplayer) UnityMain
0x0000000180741B20 (unityplayer) UnityMain
0x000000018082C9F8 (unityplayer) UnityMain
0x000000007B62C999 (kernel32) BaseThreadInitThunk
0x000000017005F1E3 (ntdll) RtlUserThreadStart


Call Stack for Thread 400:
0x000000017000E1B4 (ntdll) NtWaitForMultipleObjects
0x000000007B06C81A (kernelbase) SHLoadIndirectString
0x000000007B06CF9B (kernelbase) WaitForSingleObjectEx
0x0000000180E8AB02 (unityplayer) UnityMain
0x0000000180740A50 (unityplayer) UnityMain
0x0000000180741B20 (unityplayer) UnityMain
0x000000018082C9F8 (unityplayer) UnityMain
0x000000007B62C999 (kernel32) BaseThreadInitThunk
0x000000017005F1E3 (ntdll) RtlUserThreadStart


Call Stack for Thread 404:
0x000000017000E1B4 (ntdll) NtWaitForMultipleObjects
0x000000007B06C81A (kernelbase) SHLoadIndirectString
0x000000007B06CF9B (kernelbase) WaitForSingleObjectEx
0x0000000180E8AB02 (unityplayer) UnityMain
0x0000000180740A50 (unityplayer) UnityMain
0x0000000180741B20 (unityplayer) UnityMain
0x000000018082C9F8 (unityplayer) UnityMain
0x000000007B62C999 (kernel32) BaseThreadInitThunk
0x000000017005F1E3 (ntdll) RtlUserThreadStart


Call Stack for Thread 408:
0x000000017000E1B4 (ntdll) NtWaitForMultipleObjects
0x000000007B06C81A (kernelbase) SHLoadIndirectString
0x000000007B06CF9B (kernelbase) WaitForSingleObjectEx
0x0000000180E8AB02 (unityplayer) UnityMain
0x0000000180740A50 (unityplayer) UnityMain
0x0000000180741B20 (unityplayer) UnityMain
0x000000018082C9F8 (unityplayer) UnityMain
0x000000007B62C999 (kernel32) BaseThreadInitThunk
0x000000017005F1E3 (ntdll) RtlUserThreadStart


Call Stack for Thread 412:
0x000000017000E1B4 (ntdll) NtWaitForMultipleObjects
0x000000007B06C81A (kernelbase) SHLoadIndirectString
0x000000007B06CF9B (kernelbase) WaitForSingleObjectEx
0x0000000180E8AB02 (unityplayer) UnityMain
0x0000000180740A50 (unityplayer) UnityMain
0x0000000180741B20 (unityplayer) UnityMain
0x000000018082C9F8 (unityplayer) UnityMain
0x000000007B62C999 (kernel32) BaseThreadInitThunk
0x000000017005F1E3 (ntdll) RtlUserThreadStart


Call Stack for Thread 416:
0x000000017000E1B4 (ntdll) NtWaitForMultipleObjects
0x000000007B06C81A (kernelbase) SHLoadIndirectString
0x000000007B06CF9B (kernelbase) WaitForSingleObjectEx
0x0000000180E8AB02 (unityplayer) UnityMain
0x0000000180740A50 (unityplayer) UnityMain
0x0000000180741B20 (unityplayer) UnityMain
0x000000018082C9F8 (unityplayer) UnityMain
0x000000007B62C999 (kernel32) BaseThreadInitThunk
0x000000017005F1E3 (ntdll) RtlUserThreadStart


Call Stack for Thread 420:
0x000000017000E1B4 (ntdll) NtWaitForMultipleObjects
0x000000007B06C81A (kernelbase) SHLoadIndirectString
0x000000007B06CF9B (kernelbase) WaitForSingleObjectEx
0x0000000180E8AB02 (unityplayer) UnityMain
0x0000000180740A50 (unityplayer) UnityMain
0x0000000180741B20 (unityplayer) UnityMain
0x000000018082C9F8 (unityplayer) UnityMain
0x000000007B62C999 (kernel32) BaseThreadInitThunk
0x000000017005F1E3 (ntdll) RtlUserThreadStart


Call Stack for Thread 424:
0x000000017000E1B4 (ntdll) NtWaitForMultipleObjects
0x000000007B06C81A (kernelbase) SHLoadIndirectString
0x000000007B06CF9B (kernelbase) WaitForSingleObjectEx
0x0000000180E8AB02 (unityplayer) UnityMain
0x0000000180740A50 (unityplayer) UnityMain
0x0000000180741B20 (unityplayer) UnityMain
0x000000018082C9F8 (unityplayer) UnityMain
0x000000007B62C999 (kernel32) BaseThreadInitThunk
0x000000017005F1E3 (ntdll) RtlUserThreadStart


Call Stack for Thread 428:
0x000000017000E1B4 (ntdll) NtWaitForMultipleObjects
0x000000007B06C81A (kernelbase) SHLoadIndirectString
0x000000007B06CF9B (kernelbase) WaitForSingleObjectEx
0x0000000180E8AB02 (unityplayer) UnityMain
0x0000000180740A50 (unityplayer) UnityMain
0x0000000180741B20 (unityplayer) UnityMain
0x000000018082C9F8 (unityplayer) UnityMain
0x000000007B62C999 (kernel32) BaseThreadInitThunk
0x000000017005F1E3 (ntdll) RtlUserThreadStart


Call Stack for Thread 432:
0x000000017000E1B4 (ntdll) NtWaitForMultipleObjects
0x000000007B06C81A (kernelbase) SHLoadIndirectString
0x000000007B06CF9B (kernelbase) WaitForSingleObjectEx
0x0000000180E8AB02 (unityplayer) UnityMain
0x0000000180740A50 (unityplayer) UnityMain
0x0000000180741B20 (unityplayer) UnityMain
0x000000018082C9F8 (unityplayer) UnityMain
0x000000007B62C999 (kernel32) BaseThreadInitThunk
0x000000017005F1E3 (ntdll) RtlUserThreadStart


Call Stack for Thread 436:
0x000000017000E1B4 (ntdll) NtWaitForMultipleObjects
0x000000007B06C81A (kernelbase) SHLoadIndirectString
0x000000007B06CF9B (kernelbase) WaitForSingleObjectEx
0x0000000180E8AB02 (unityplayer) UnityMain
0x0000000180740A50 (unityplayer) UnityMain
0x0000000180741B20 (unityplayer) UnityMain
0x000000018082C9F8 (unityplayer) UnityMain
0x000000007B62C999 (kernel32) BaseThreadInitThunk
0x000000017005F1E3 (ntdll) RtlUserThreadStart


Call Stack for Thread 440:
0x000000017000E1B4 (ntdll) NtWaitForMultipleObjects
0x000000007B06C81A (kernelbase) SHLoadIndirectString
0x000000007B06CF9B (kernelbase) WaitForSingleObjectEx
0x0000000180E8AB02 (unityplayer) UnityMain
0x0000000180740A50 (unityplayer) UnityMain
0x0000000180741B20 (unityplayer) UnityMain
0x000000018082C9F8 (unityplayer) UnityMain
0x000000007B62C999 (kernel32) BaseThreadInitThunk
0x000000017005F1E3 (ntdll) RtlUserThreadStart


Call Stack for Thread 444:
0x000000017000E1B4 (ntdll) NtWaitForMultipleObjects
0x000000007B06C81A (kernelbase) SHLoadIndirectString
0x000000007B06CF9B (kernelbase) WaitForSingleObjectEx
0x0000000180E8AB02 (unityplayer) UnityMain
0x0000000180740A50 (unityplayer) UnityMain
0x0000000180741B20 (unityplayer) UnityMain
0x000000018082C9F8 (unityplayer) UnityMain
0x000000007B62C999 (kernel32) BaseThreadInitThunk
0x000000017005F1E3 (ntdll) RtlUserThreadStart


Call Stack for Thread 448:
0x000000017000E1B4 (ntdll) NtWaitForMultipleObjects
0x000000007B06C81A (kernelbase) SHLoadIndirectString
0x000000007B06CF9B (kernelbase) WaitForSingleObjectEx
0x0000000180E8AB02 (unityplayer) UnityMain
0x0000000180740A50 (unityplayer) UnityMain
0x0000000180741B20 (unityplayer) UnityMain
0x000000018082C9F8 (unityplayer) UnityMain
0x000000007B62C999 (kernel32) BaseThreadInitThunk
0x000000017005F1E3 (ntdll) RtlUserThreadStart


Call Stack for Thread 452:
0x000000017000E1B4 (ntdll) NtWaitForMultipleObjects
0x000000007B06C81A (kernelbase) SHLoadIndirectString
0x000000007B06CF9B (kernelbase) WaitForSingleObjectEx
0x0000000180E8AB02 (unityplayer) UnityMain
0x0000000180740A50 (unityplayer) UnityMain
0x0000000180741B20 (unityplayer) UnityMain
0x000000018082C9F8 (unityplayer) UnityMain
0x000000007B62C999 (kernel32) BaseThreadInitThunk
0x000000017005F1E3 (ntdll) RtlUserThreadStart


Call Stack for Thread 456:
0x000000017000E1B4 (ntdll) NtWaitForMultipleObjects
0x000000007B06C81A (kernelbase) SHLoadIndirectString
0x000000007B06CF9B (kernelbase) WaitForSingleObjectEx
0x0000000180E8AB02 (unityplayer) UnityMain
0x0000000180740A50 (unityplayer) UnityMain
0x0000000180741B20 (unityplayer) UnityMain
0x000000018082C9F8 (unityplayer) UnityMain
0x000000007B62C999 (kernel32) BaseThreadInitThunk
0x000000017005F1E3 (ntdll) RtlUserThreadStart


Call Stack for Thread 460:
0x000000017000E1B4 (ntdll) NtWaitForMultipleObjects
0x000000007B06C81A (kernelbase) SHLoadIndirectString
0x000000007B06CF9B (kernelbase) WaitForSingleObjectEx
0x0000000180E8AB02 (unityplayer) UnityMain
0x0000000180740A50 (unityplayer) UnityMain
0x0000000180741B20 (unityplayer) UnityMain
0x000000018082C9F8 (unityplayer) UnityMain
0x000000007B62C999 (kernel32) BaseThreadInitThunk
0x000000017005F1E3 (ntdll) RtlUserThreadStart


Call Stack for Thread 464:
0x000000017000E1B4 (ntdll) NtWaitForMultipleObjects
0x000000007B06C81A (kernelbase) SHLoadIndirectString
0x000000007B06CF9B (kernelbase) WaitForSingleObjectEx
0x0000000180E8AB02 (unityplayer) UnityMain
0x0000000180740A50 (unityplayer) UnityMain
0x0000000180741B20 (unityplayer) UnityMain
0x000000018082C9F8 (unityplayer) UnityMain
0x000000007B62C999 (kernel32) BaseThreadInitThunk
0x000000017005F1E3 (ntdll) RtlUserThreadStart


Call Stack for Thread 468:
0x000000017000E1B4 (ntdll) NtWaitForMultipleObjects
0x000000007B06C81A (kernelbase) SHLoadIndirectString
0x000000007B06CF9B (kernelbase) WaitForSingleObjectEx
0x0000000180E8AB02 (unityplayer) UnityMain
0x0000000180740A50 (unityplayer) UnityMain
0x0000000180741B20 (unityplayer) UnityMain
0x000000018082C9F8 (unityplayer) UnityMain
0x000000007B62C999 (kernel32) BaseThreadInitThunk
0x000000017005F1E3 (ntdll) RtlUserThreadStart


Call Stack for Thread 472:
0x000000017000E1B4 (ntdll) NtWaitForMultipleObjects
0x000000007B06C81A (kernelbase) SHLoadIndirectString
0x000000007B06CF9B (kernelbase) WaitForSingleObjectEx
0x0000000180E8AB02 (unityplayer) UnityMain
0x0000000180740A50 (unityplayer) UnityMain
0x0000000180741B20 (unityplayer) UnityMain
0x000000018082C9F8 (unityplayer) UnityMain
0x000000007B62C999 (kernel32) BaseThreadInitThunk
0x000000017005F1E3 (ntdll) RtlUserThreadStart


Call Stack for Thread 476:
0x000000017000E1B4 (ntdll) NtWaitForMultipleObjects
0x000000007B06C81A (kernelbase) SHLoadIndirectString
0x000000007B06CF9B (kernelbase) WaitForSingleObjectEx
0x0000000180E8AB02 (unityplayer) UnityMain
0x0000000180740A50 (unityplayer) UnityMain
0x0000000180741B20 (unityplayer) UnityMain
0x000000018082C9F8 (unityplayer) UnityMain
0x000000007B62C999 (kernel32) BaseThreadInitThunk
0x000000017005F1E3 (ntdll) RtlUserThreadStart


Call Stack for Thread 480:
0x000000017000E1B4 (ntdll) NtWaitForMultipleObjects
0x000000007B06C81A (kernelbase) SHLoadIndirectString
0x000000007B06CF9B (kernelbase) WaitForSingleObjectEx
0x0000000180E8AB02 (unityplayer) UnityMain
0x0000000180740A50 (unityplayer) UnityMain
0x0000000180741B20 (unityplayer) UnityMain
0x000000018082C9F8 (unityplayer) UnityMain
0x000000007B62C999 (kernel32) BaseThreadInitThunk
0x000000017005F1E3 (ntdll) RtlUserThreadStart


Call Stack for Thread 484:
0x000000017000E1B4 (ntdll) NtWaitForMultipleObjects
0x000000007B06C81A (kernelbase) SHLoadIndirectString
0x000000007B06CF9B (kernelbase) WaitForSingleObjectEx
0x0000000180E8AB02 (unityplayer) UnityMain
0x0000000180740A50 (unityplayer) UnityMain
0x0000000180741B20 (unityplayer) UnityMain
0x000000018082C9F8 (unityplayer) UnityMain
0x000000007B62C999 (kernel32) BaseThreadInitThunk
0x000000017005F1E3 (ntdll) RtlUserThreadStart


Call Stack for Thread 488:
0x000000017000E1B4 (ntdll) NtWaitForMultipleObjects
0x000000007B06C81A (kernelbase) SHLoadIndirectString
0x000000007B06CF9B (kernelbase) WaitForSingleObjectEx
0x0000000180E8AB02 (unityplayer) UnityMain
0x0000000180740A50 (unityplayer) UnityMain
0x0000000180741B20 (unityplayer) UnityMain
0x000000018082C9F8 (unityplayer) UnityMain
0x000000007B62C999 (kernel32) BaseThreadInitThunk
0x000000017005F1E3 (ntdll) RtlUserThreadStart


Call Stack for Thread 492:
0x000000017000E1B4 (ntdll) NtWaitForMultipleObjects
0x000000007B06C81A (kernelbase) SHLoadIndirectString
0x000000007B06CF9B (kernelbase) WaitForSingleObjectEx
0x0000000180E8AB02 (unityplayer) UnityMain
0x000000018082DA6A (unityplayer) UnityMain
0x00000001807847AC (unityplayer) UnityMain
0x000000018082C9F8 (unityplayer) UnityMain
0x000000007B62C999 (kernel32) BaseThreadInitThunk
0x000000017005F1E3 (ntdll) RtlUserThreadStart


Call Stack for Thread 496:
0x000000017000E1B4 (ntdll) NtWaitForMultipleObjects
0x000000007B06C81A (kernelbase) SHLoadIndirectString
0x000000007B06CF9B (kernelbase) WaitForSingleObjectEx
0x0000000180E8AB02 (unityplayer) UnityMain
0x000000018063B04D (unityplayer) UnityMain
0x000000018082C9F8 (unityplayer) UnityMain
0x000000007B62C999 (kernel32) BaseThreadInitThunk
0x000000017005F1E3 (ntdll) RtlUserThreadStart


Call Stack for Thread 500:
0x000000017000E1B4 (ntdll) NtWaitForMultipleObjects
0x000000007B06C81A (kernelbase) SHLoadIndirectString
0x000000007B06CF3E (kernelbase) WaitForSingleObject
ERROR: SymGetSymFromAddr64, GetLastError: 'Invalid handle.' (Address: 0000000067901765)
0x0000000067901765 (gfxpluginnvidiareflex) (function-name not available)
0x000000007B62C999 (kernel32) BaseThreadInitThunk
0x000000017005F1E3 (ntdll) RtlUserThreadStart


Call Stack for Thread 504:
0x000000017000E154 (ntdll) NtWaitForAlertByThreadId
0x000000017005DAD4 (ntdll) RtlWaitOnAddress
0x000000017005EAC3 (ntdll) RtlSleepConditionVariableSRW
0x000000007B06ECDD (kernelbase) SleepConditionVariableSRW
ERROR: SymGetSymFromAddr64, GetLastError: 'Invalid handle.' (Address: 0000000359108154)
0x0000000359108154 (d3d11) (function-name not available)
ERROR: SymGetSymFromAddr64, GetLastError: 'Invalid handle.' (Address: 00000003591767E6)
0x00000003591767E6 (d3d11) (function-name not available)
0x000000007B62C999 (kernel32) BaseThreadInitThunk
0x000000017005F1E3 (ntdll) RtlUserThreadStart


Call Stack for Thread 508:
0x000000017000E154 (ntdll) NtWaitForAlertByThreadId
0x000000017005DAD4 (ntdll) RtlWaitOnAddress
0x000000017005EAC3 (ntdll) RtlSleepConditionVariableSRW
0x000000007B06ECDD (kernelbase) SleepConditionVariableSRW
ERROR: SymGetSymFromAddr64, GetLastError: 'Invalid handle.' (Address: 0000000359108154)
0x0000000359108154 (d3d11) (function-name not available)
ERROR: SymGetSymFromAddr64, GetLastError: 'Invalid handle.' (Address: 00000003591767E6)
0x00000003591767E6 (d3d11) (function-name not available)
0x000000007B62C999 (kernel32) BaseThreadInitThunk
0x000000017005F1E3 (ntdll) RtlUserThreadStart


Call Stack for Thread 512:
0x000000017000E154 (ntdll) NtWaitForAlertByThreadId
0x000000017005DAD4 (ntdll) RtlWaitOnAddress
0x000000017005EAC3 (ntdll) RtlSleepConditionVariableSRW
0x000000007B06ECDD (kernelbase) SleepConditionVariableSRW
ERROR: SymGetSymFromAddr64, GetLastError: 'Invalid handle.' (Address: 0000000359108154)
0x0000000359108154 (d3d11) (function-name not available)
ERROR: SymGetSymFromAddr64, GetLastError: 'Invalid handle.' (Address: 00000003591767E6)
0x00000003591767E6 (d3d11) (function-name not available)
0x000000007B62C999 (kernel32) BaseThreadInitThunk
0x000000017005F1E3 (ntdll) RtlUserThreadStart


Call Stack for Thread 516:
0x000000017000E154 (ntdll) NtWaitForAlertByThreadId
0x000000017005DAD4 (ntdll) RtlWaitOnAddress
0x000000017005EAC3 (ntdll) RtlSleepConditionVariableSRW
0x000000007B06ECDD (kernelbase) SleepConditionVariableSRW
ERROR: SymGetSymFromAddr64, GetLastError: 'Invalid handle.' (Address: 0000000359108154)
0x0000000359108154 (d3d11) (function-name not available)
ERROR: SymGetSymFromAddr64, GetLastError: 'Invalid handle.' (Address: 00000003591767E6)
0x00000003591767E6 (d3d11) (function-name not available)
0x000000007B62C999 (kernel32) BaseThreadInitThunk
0x000000017005F1E3 (ntdll) RtlUserThreadStart


Call Stack for Thread 520:
0x000000017000E154 (ntdll) NtWaitForAlertByThreadId
0x000000017005DAD4 (ntdll) RtlWaitOnAddress
0x000000017005EAC3 (ntdll) RtlSleepConditionVariableSRW
0x000000007B06ECDD (kernelbase) SleepConditionVariableSRW
ERROR: SymGetSymFromAddr64, GetLastError: 'Invalid handle.' (Address: 0000000359108154)
0x0000000359108154 (d3d11) (function-name not available)
ERROR: SymGetSymFromAddr64, GetLastError: 'Invalid handle.' (Address: 00000003591767E6)
0x00000003591767E6 (d3d11) (function-name not available)
0x000000007B62C999 (kernel32) BaseThreadInitThunk
0x000000017005F1E3 (ntdll) RtlUserThreadStart


Call Stack for Thread 524:
0x000000017000E154 (ntdll) NtWaitForAlertByThreadId
0x000000017005DAD4 (ntdll) RtlWaitOnAddress
0x000000017005EAC3 (ntdll) RtlSleepConditionVariableSRW
0x000000007B06ECDD (kernelbase) SleepConditionVariableSRW
ERROR: SymGetSymFromAddr64, GetLastError: 'Invalid handle.' (Address: 0000000359108154)
0x0000000359108154 (d3d11) (function-name not available)
ERROR: SymGetSymFromAddr64, GetLastError: 'Invalid handle.' (Address: 00000003591767E6)
0x00000003591767E6 (d3d11) (function-name not available)
0x000000007B62C999 (kernel32) BaseThreadInitThunk
0x000000017005F1E3 (ntdll) RtlUserThreadStart


Call Stack for Thread 528:
0x000000017000E154 (ntdll) NtWaitForAlertByThreadId
0x000000017005DAD4 (ntdll) RtlWaitOnAddress
0x000000017005EAC3 (ntdll) RtlSleepConditionVariableSRW
0x000000007B06ECDD (kernelbase) SleepConditionVariableSRW
ERROR: SymGetSymFromAddr64, GetLastError: 'Invalid handle.' (Address: 0000000359108154)
0x0000000359108154 (d3d11) (function-name not available)
ERROR: SymGetSymFromAddr64, GetLastError: 'Invalid handle.' (Address: 00000003591767E6)
0x00000003591767E6 (d3d11) (function-name not available)
0x000000007B62C999 (kernel32) BaseThreadInitThunk
0x000000017005F1E3 (ntdll) RtlUserThreadStart


Call Stack for Thread 532:
0x000000017000E154 (ntdll) NtWaitForAlertByThreadId
0x000000017005DAD4 (ntdll) RtlWaitOnAddress
0x000000017005EAC3 (ntdll) RtlSleepConditionVariableSRW
0x000000007B06ECDD (kernelbase) SleepConditionVariableSRW
ERROR: SymGetSymFromAddr64, GetLastError: 'Invalid handle.' (Address: 0000000359108154)
0x0000000359108154 (d3d11) (function-name not available)
ERROR: SymGetSymFromAddr64, GetLastError: 'Invalid handle.' (Address: 00000003591767E6)
0x00000003591767E6 (d3d11) (function-name not available)
0x000000007B62C999 (kernel32) BaseThreadInitThunk
0x000000017005F1E3 (ntdll) RtlUserThreadStart


Call Stack for Thread 536:
0x000000017000E154 (ntdll) NtWaitForAlertByThreadId
0x000000017005DAD4 (ntdll) RtlWaitOnAddress
0x000000017005EAC3 (ntdll) RtlSleepConditionVariableSRW
0x000000007B06ECDD (kernelbase) SleepConditionVariableSRW
ERROR: SymGetSymFromAddr64, GetLastError: 'Invalid handle.' (Address: 0000000359108154)
0x0000000359108154 (d3d11) (function-name not available)
ERROR: SymGetSymFromAddr64, GetLastError: 'Invalid handle.' (Address: 00000003591767E6)
0x00000003591767E6 (d3d11) (function-name not available)
0x000000007B62C999 (kernel32) BaseThreadInitThunk
0x000000017005F1E3 (ntdll) RtlUserThreadStart


Call Stack for Thread 540:
0x000000017000E154 (ntdll) NtWaitForAlertByThreadId
0x000000017005DAD4 (ntdll) RtlWaitOnAddress
0x000000017005EAC3 (ntdll) RtlSleepConditionVariableSRW
0x000000007B06ECDD (kernelbase) SleepConditionVariableSRW
ERROR: SymGetSymFromAddr64, GetLastError: 'Invalid handle.' (Address: 0000000359108154)
0x0000000359108154 (d3d11) (function-name not available)
ERROR: SymGetSymFromAddr64, GetLastError: 'Invalid handle.' (Address: 00000003591767E6)
0x00000003591767E6 (d3d11) (function-name not available)
0x000000007B62C999 (kernel32) BaseThreadInitThunk
0x000000017005F1E3 (ntdll) RtlUserThreadStart


Call Stack for Thread 544:
0x000000017000E154 (ntdll) NtWaitForAlertByThreadId
0x000000017005DAD4 (ntdll) RtlWaitOnAddress
0x000000017005EAC3 (ntdll) RtlSleepConditionVariableSRW
0x000000007B06ECDD (kernelbase) SleepConditionVariableSRW
ERROR: SymGetSymFromAddr64, GetLastError: 'Invalid handle.' (Address: 00000003591073A7)
0x00000003591073A7 (d3d11) (function-name not available)
ERROR: SymGetSymFromAddr64, GetLastError: 'Invalid handle.' (Address: 00000003591767E6)
0x00000003591767E6 (d3d11) (function-name not available)
0x000000007B62C999 (kernel32) BaseThreadInitThunk
0x000000017005F1E3 (ntdll) RtlUserThreadStart


Call Stack for Thread 548:
0x000000017000E154 (ntdll) NtWaitForAlertByThreadId
0x000000017005DAD4 (ntdll) RtlWaitOnAddress
0x000000017005EAC3 (ntdll) RtlSleepConditionVariableSRW
0x000000007B06ECDD (kernelbase) SleepConditionVariableSRW
ERROR: SymGetSymFromAddr64, GetLastError: 'Invalid handle.' (Address: 00000003590FEDB4)
0x00000003590FEDB4 (d3d11) (function-name not available)
ERROR: SymGetSymFromAddr64, GetLastError: 'Invalid handle.' (Address: 00000003591767E6)
0x00000003591767E6 (d3d11) (function-name not available)
0x000000007B62C999 (kernel32) BaseThreadInitThunk
0x000000017005F1E3 (ntdll) RtlUserThreadStart


Call Stack for Thread 552:
0x000000017000E154 (ntdll) NtWaitForAlertByThreadId
0x000000017005DAD4 (ntdll) RtlWaitOnAddress
0x000000017005EAC3 (ntdll) RtlSleepConditionVariableSRW
0x000000007B06ECDD (kernelbase) SleepConditionVariableSRW
ERROR: SymGetSymFromAddr64, GetLastError: 'Invalid handle.' (Address: 00000003590FE53E)
0x00000003590FE53E (d3d11) (function-name not available)
ERROR: SymGetSymFromAddr64, GetLastError: 'Invalid handle.' (Address: 00000003591767E6)
0x00000003591767E6 (d3d11) (function-name not available)
0x000000007B62C999 (kernel32) BaseThreadInitThunk
0x000000017005F1E3 (ntdll) RtlUserThreadStart


Call Stack for Thread 556:
0x000000017000E154 (ntdll) NtWaitForAlertByThreadId
0x000000017005DAD4 (ntdll) RtlWaitOnAddress
0x000000017005EAC3 (ntdll) RtlSleepConditionVariableSRW
0x000000007B06ECDD (kernelbase) SleepConditionVariableSRW
ERROR: SymGetSymFromAddr64, GetLastError: 'Invalid handle.' (Address: 00000003590DD843)
0x00000003590DD843 (d3d11) (function-name not available)
ERROR: SymGetSymFromAddr64, GetLastError: 'Invalid handle.' (Address: 00000003591767E6)
0x00000003591767E6 (d3d11) (function-name not available)
0x000000007B62C999 (kernel32) BaseThreadInitThunk
0x000000017005F1E3 (ntdll) RtlUserThreadStart


Call Stack for Thread 560:
0x000000017000E1B4 (ntdll) NtWaitForMultipleObjects
0x000000007B06C81A (kernelbase) SHLoadIndirectString
0x000000007B06CF9B (kernelbase) WaitForSingleObjectEx
0x0000000180E8AB02 (unityplayer) UnityMain
0x000000018082DA6A (unityplayer) UnityMain
ERROR: SymGetSymFromAddr64, GetLastError: 'Invalid handle.' (Address: 00000001804FE265)
0x00000001804FE265 (unityplayer) (function-name not available)
ERROR: SymGetSymFromAddr64, GetLastError: 'Invalid handle.' (Address: 000000018050952D)
0x000000018050952D (unityplayer) (function-name not available)
ERROR: SymGetSymFromAddr64, GetLastError: 'Invalid handle.' (Address: 0000000180509608)
0x0000000180509608 (unityplayer) (function-name not available)
0x000000018082C9F8 (unityplayer) UnityMain
0x000000007B62C999 (kernel32) BaseThreadInitThunk
0x000000017005F1E3 (ntdll) RtlUserThreadStart


Call Stack for Thread 564:
0x000000017000E1D4 (ntdll) ZwWaitForSingleObject
0x000000017006559D (ntdll) RtlSetIoCompletionCallback
0x000000007B62C999 (kernel32) BaseThreadInitThunk
0x000000017005F1E3 (ntdll) RtlUserThreadStart


Call Stack for Thread 568:
0x000000017000D174 (ntdll) NtNotifyChangeKey
0x000000007B05A05A (kernelbase) RegNotifyChangeKeyValue
0x0000000336853C3D (mmdevapi) 16
0x000000007B62C999 (kernel32) BaseThreadInitThunk
0x000000017005F1E3 (ntdll) RtlUserThreadStart


Call Stack for Thread 572:
0x000000017000E294 (ntdll) __wine_unix_call
0x0000000236378764 (winepulse) EntryPoint
ERROR: SymGetSymFromAddr64, GetLastError: 'Invalid handle.' (Address: 000000023637312F)
0x000000023637312F (winepulse) (function-name not available)
0x000000007B62C999 (kernel32) BaseThreadInitThunk
0x000000017005F1E3 (ntdll) RtlUserThreadStart


Call Stack for Thread 592:
0x000000017000E154 (ntdll) NtWaitForAlertByThreadId
0x000000017005DAD4 (ntdll) RtlWaitOnAddress
0x000000017005EAC3 (ntdll) RtlSleepConditionVariableSRW
0x000000007B06ECDD (kernelbase) SleepConditionVariableSRW
ERROR: SymGetSymFromAddr64, GetLastError: 'Invalid handle.' (Address: 0000000359108154)
0x0000000359108154 (d3d11) (function-name not available)
ERROR: SymGetSymFromAddr64, GetLastError: 'Invalid handle.' (Address: 00000003591767E6)
0x00000003591767E6 (d3d11) (function-name not available)
0x000000007B62C999 (kernel32) BaseThreadInitThunk
0x000000017005F1E3 (ntdll) RtlUserThreadStart


Call Stack for Thread 596:
0x000000017000E154 (ntdll) NtWaitForAlertByThreadId
0x000000017005DAD4 (ntdll) RtlWaitOnAddress
0x000000017005EAC3 (ntdll) RtlSleepConditionVariableSRW
0x000000007B06ECDD (kernelbase) SleepConditionVariableSRW
ERROR: SymGetSymFromAddr64, GetLastError: 'Invalid handle.' (Address: 0000000359108154)
0x0000000359108154 (d3d11) (function-name not available)
ERROR: SymGetSymFromAddr64, GetLastError: 'Invalid handle.' (Address: 00000003591767E6)
0x00000003591767E6 (d3d11) (function-name not available)
0x000000007B62C999 (kernel32) BaseThreadInitThunk
0x000000017005F1E3 (ntdll) RtlUserThreadStart


Call Stack for Thread 600:
0x000000017000E154 (ntdll) NtWaitForAlertByThreadId
0x000000017005DAD4 (ntdll) RtlWaitOnAddress
0x000000017005EAC3 (ntdll) RtlSleepConditionVariableSRW
0x000000007B06ECDD (kernelbase) SleepConditionVariableSRW
ERROR: SymGetSymFromAddr64, GetLastError: 'Invalid handle.' (Address: 0000000359108154)
0x0000000359108154 (d3d11) (function-name not available)
ERROR: SymGetSymFromAddr64, GetLastError: 'Invalid handle.' (Address: 00000003591767E6)
0x00000003591767E6 (d3d11) (function-name not available)
0x000000007B62C999 (kernel32) BaseThreadInitThunk
0x000000017005F1E3 (ntdll) RtlUserThreadStart


Call Stack for Thread 604:
0x000000017000E154 (ntdll) NtWaitForAlertByThreadId
0x000000017005DAD4 (ntdll) RtlWaitOnAddress
0x000000017005EAC3 (ntdll) RtlSleepConditionVariableSRW
0x000000007B06ECDD (kernelbase) SleepConditionVariableSRW
ERROR: SymGetSymFromAddr64, GetLastError: 'Invalid handle.' (Address: 0000000359108154)
0x0000000359108154 (d3d11) (function-name not available)
ERROR: SymGetSymFromAddr64, GetLastError: 'Invalid handle.' (Address: 00000003591767E6)
0x00000003591767E6 (d3d11) (function-name not available)
0x000000007B62C999 (kernel32) BaseThreadInitThunk
0x000000017005F1E3 (ntdll) RtlUserThreadStart


Call Stack for Thread 608:
0x000000017000E154 (ntdll) NtWaitForAlertByThreadId
0x000000017005DAD4 (ntdll) RtlWaitOnAddress
0x000000017005EAC3 (ntdll) RtlSleepConditionVariableSRW
0x000000007B06ECDD (kernelbase) SleepConditionVariableSRW
ERROR: SymGetSymFromAddr64, GetLastError: 'Invalid handle.' (Address: 0000000359108154)
0x0000000359108154 (d3d11) (function-name not available)
ERROR: SymGetSymFromAddr64, GetLastError: 'Invalid handle.' (Address: 00000003591767E6)
0x00000003591767E6 (d3d11) (function-name not available)
0x000000007B62C999 (kernel32) BaseThreadInitThunk
0x000000017005F1E3 (ntdll) RtlUserThreadStart


Call Stack for Thread 612:
0x000000017000E154 (ntdll) NtWaitForAlertByThreadId
0x000000017005DAD4 (ntdll) RtlWaitOnAddress
0x000000017005EAC3 (ntdll) RtlSleepConditionVariableSRW
0x000000007B06ECDD (kernelbase) SleepConditionVariableSRW
ERROR: SymGetSymFromAddr64, GetLastError: 'Invalid handle.' (Address: 0000000359108154)
0x0000000359108154 (d3d11) (function-name not available)
ERROR: SymGetSymFromAddr64, GetLastError: 'Invalid handle.' (Address: 00000003591767E6)
0x00000003591767E6 (d3d11) (function-name not available)
0x000000007B62C999 (kernel32) BaseThreadInitThunk
0x000000017005F1E3 (ntdll) RtlUserThreadStart


Call Stack for Thread 616:
0x000000017000E154 (ntdll) NtWaitForAlertByThreadId
0x000000017005DAD4 (ntdll) RtlWaitOnAddress
0x000000017005EAC3 (ntdll) RtlSleepConditionVariableSRW
0x000000007B06ECDD (kernelbase) SleepConditionVariableSRW
ERROR: SymGetSymFromAddr64, GetLastError: 'Invalid handle.' (Address: 0000000359108154)
0x0000000359108154 (d3d11) (function-name not available)
ERROR: SymGetSymFromAddr64, GetLastError: 'Invalid handle.' (Address: 00000003591767E6)
0x00000003591767E6 (d3d11) (function-name not available)
0x000000007B62C999 (kernel32) BaseThreadInitThunk
0x000000017005F1E3 (ntdll) RtlUserThreadStart


Call Stack for Thread 620:
0x000000017000E154 (ntdll) NtWaitForAlertByThreadId
0x000000017005DAD4 (ntdll) RtlWaitOnAddress
0x000000017005EAC3 (ntdll) RtlSleepConditionVariableSRW
0x000000007B06ECDD (kernelbase) SleepConditionVariableSRW
ERROR: SymGetSymFromAddr64, GetLastError: 'Invalid handle.' (Address: 0000000359108154)
0x0000000359108154 (d3d11) (function-name not available)
ERROR: SymGetSymFromAddr64, GetLastError: 'Invalid handle.' (Address: 00000003591767E6)
0x00000003591767E6 (d3d11) (function-name not available)
0x000000007B62C999 (kernel32) BaseThreadInitThunk
0x000000017005F1E3 (ntdll) RtlUserThreadStart


Call Stack for Thread 624:
0x000000017000E154 (ntdll) NtWaitForAlertByThreadId
0x000000017005DAD4 (ntdll) RtlWaitOnAddress
0x000000017005EAC3 (ntdll) RtlSleepConditionVariableSRW
0x000000007B06ECDD (kernelbase) SleepConditionVariableSRW
ERROR: SymGetSymFromAddr64, GetLastError: 'Invalid handle.' (Address: 0000000359108154)
0x0000000359108154 (d3d11) (function-name not available)
ERROR: SymGetSymFromAddr64, GetLastError: 'Invalid handle.' (Address: 00000003591767E6)
0x00000003591767E6 (d3d11) (function-name not available)
0x000000007B62C999 (kernel32) BaseThreadInitThunk
0x000000017005F1E3 (ntdll) RtlUserThreadStart


Call Stack for Thread 628:
0x000000017000E154 (ntdll) NtWaitForAlertByThreadId
0x000000017005DAD4 (ntdll) RtlWaitOnAddress
0x000000017005EAC3 (ntdll) RtlSleepConditionVariableSRW
0x000000007B06ECDD (kernelbase) SleepConditionVariableSRW
ERROR: SymGetSymFromAddr64, GetLastError: 'Invalid handle.' (Address: 0000000359108154)
0x0000000359108154 (d3d11) (function-name not available)
ERROR: SymGetSymFromAddr64, GetLastError: 'Invalid handle.' (Address: 00000003591767E6)
0x00000003591767E6 (d3d11) (function-name not available)
0x000000007B62C999 (kernel32) BaseThreadInitThunk
0x000000017005F1E3 (ntdll) RtlUserThreadStart


Call Stack for Thread 632:
0x000000017000E154 (ntdll) NtWaitForAlertByThreadId
0x000000017005DAD4 (ntdll) RtlWaitOnAddress
0x000000017005EAC3 (ntdll) RtlSleepConditionVariableSRW
0x000000007B06ECDD (kernelbase) SleepConditionVariableSRW
ERROR: SymGetSymFromAddr64, GetLastError: 'Invalid handle.' (Address: 00000003591073A7)
0x00000003591073A7 (d3d11) (function-name not available)
ERROR: SymGetSymFromAddr64, GetLastError: 'Invalid handle.' (Address: 00000003591767E6)
0x00000003591767E6 (d3d11) (function-name not available)
0x000000007B62C999 (kernel32) BaseThreadInitThunk
0x000000017005F1E3 (ntdll) RtlUserThreadStart


Call Stack for Thread 636:
0x000000017000E154 (ntdll) NtWaitForAlertByThreadId
0x000000017005DAD4 (ntdll) RtlWaitOnAddress
0x000000017005EAC3 (ntdll) RtlSleepConditionVariableSRW
0x000000007B06ECDD (kernelbase) SleepConditionVariableSRW
ERROR: SymGetSymFromAddr64, GetLastError: 'Invalid handle.' (Address: 00000003590FEDB4)
0x00000003590FEDB4 (d3d11) (function-name not available)
ERROR: SymGetSymFromAddr64, GetLastError: 'Invalid handle.' (Address: 00000003591767E6)
0x00000003591767E6 (d3d11) (function-name not available)
0x000000007B62C999 (kernel32) BaseThreadInitThunk
0x000000017005F1E3 (ntdll) RtlUserThreadStart


Call Stack for Thread 640:
0x000000017000E154 (ntdll) NtWaitForAlertByThreadId
0x000000017005DAD4 (ntdll) RtlWaitOnAddress
0x000000017005EAC3 (ntdll) RtlSleepConditionVariableSRW
0x000000007B06ECDD (kernelbase) SleepConditionVariableSRW
ERROR: SymGetSymFromAddr64, GetLastError: 'Invalid handle.' (Address: 00000003590FE53E)
0x00000003590FE53E (d3d11) (function-name not available)
ERROR: SymGetSymFromAddr64, GetLastError: 'Invalid handle.' (Address: 00000003591767E6)
0x00000003591767E6 (d3d11) (function-name not available)
0x000000007B62C999 (kernel32) BaseThreadInitThunk
0x000000017005F1E3 (ntdll) RtlUserThreadStart


Call Stack for Thread 644:
0x000000017000E154 (ntdll) NtWaitForAlertByThreadId
0x000000017005DAD4 (ntdll) RtlWaitOnAddress
0x000000017005EAC3 (ntdll) RtlSleepConditionVariableSRW
0x000000007B06ECDD (kernelbase) SleepConditionVariableSRW
ERROR: SymGetSymFromAddr64, GetLastError: 'Invalid handle.' (Address: 00000003590DD843)
0x00000003590DD843 (d3d11) (function-name not available)
ERROR: SymGetSymFromAddr64, GetLastError: 'Invalid handle.' (Address: 00000003591767E6)
0x00000003591767E6 (d3d11) (function-name not available)
0x000000007B62C999 (kernel32) BaseThreadInitThunk
0x000000017005F1E3 (ntdll) RtlUserThreadStart


Call Stack for Thread 648:
0x000000017000E1B4 (ntdll) NtWaitForMultipleObjects
0x000000007B06C81A (kernelbase) SHLoadIndirectString
0x000000007B06CF3E (kernelbase) WaitForSingleObject
0x0000000231B1C3F0 (rpcrt4) I_RpcGetCurrentCallHandle
0x0000000231B1325D (rpcrt4) RpcEpResolveBinding
0x0000000231B13B43 (rpcrt4) RpcEpResolveBinding
0x0000000231B14389 (rpcrt4) I_RpcReceive
0x0000000231B14728 (rpcrt4) I_RpcSendReceive
0x0000000231AE97E5 (rpcrt4) NdrSendReceive
0x000000032A70CDE2 (sechost) TraceSetInformation
0x000000032A7061AB (sechost) ConvertStringSecurityDescriptorToSecurityDescriptorW
0x000000007B62C999 (kernel32) BaseThreadInitThunk
0x000000017005F1E3 (ntdll) RtlUserThreadStart


Call Stack for Thread 660:
0x000000017000E1B4 (ntdll) NtWaitForMultipleObjects
0x000000007B06C81A (kernelbase) SHLoadIndirectString
0x000000007B06CF9B (kernelbase) WaitForSingleObjectEx
0x0000000180E8AB02 (unityplayer) UnityMain
0x000000018079C8FA (unityplayer) UnityMain
0x000000018079CA79 (unityplayer) UnityMain
0x000000018082C9F8 (unityplayer) UnityMain
0x000000007B62C999 (kernel32) BaseThreadInitThunk
0x000000017005F1E3 (ntdll) RtlUserThreadStart


Call Stack for Thread 664:
0x000000017000E1B4 (ntdll) NtWaitForMultipleObjects
0x000000007B06C81A (kernelbase) SHLoadIndirectString
0x000000007B06CF9B (kernelbase) WaitForSingleObjectEx
0x0000000180E8AB02 (unityplayer) UnityMain
0x0000000180740A50 (unityplayer) UnityMain
0x0000000180741B20 (unityplayer) UnityMain
0x000000018082C9F8 (unityplayer) UnityMain
0x000000007B62C999 (kernel32) BaseThreadInitThunk
0x000000017005F1E3 (ntdll) RtlUserThreadStart


Call Stack for Thread 672:
0x000000017000E1B4 (ntdll) NtWaitForMultipleObjects
0x000000007B06C81A (kernelbase) SHLoadIndirectString
0x000000007B06CF9B (kernelbase) WaitForSingleObjectEx
0x00000000611C1F9A (gameassembly) il2cpp_value_box
0x00000000611D78C3 (gameassembly) UnityPalGetTimeZoneDataForID
ERROR: SymGetSymFromAddr64, GetLastError: 'Invalid handle.' (Address: 0000000062516B26)
0x0000000062516B26 (gameassembly) (function-name not available)
ERROR: SymGetSymFromAddr64, GetLastError: 'Invalid handle.' (Address: 0000000062516C9B)
0x0000000062516C9B (gameassembly) (function-name not available)
ERROR: SymGetSymFromAddr64, GetLastError: 'Invalid handle.' (Address: 0000000062500F8C)
0x0000000062500F8C (gameassembly) (function-name not available)
ERROR: SymGetSymFromAddr64, GetLastError: 'Invalid handle.' (Address: 0000000061420D6E)
0x0000000061420D6E (gameassembly) (function-name not available)
ERROR: SymGetSymFromAddr64, GetLastError: 'Invalid handle.' (Address: 0000000062337480)
0x0000000062337480 (gameassembly) (function-name not available)
ERROR: SymGetSymFromAddr64, GetLastError: 'Invalid handle.' (Address: 00000000623ABC64)
0x00000000623ABC64 (gameassembly) (function-name not available)
ERROR: SymGetSymFromAddr64, GetLastError: 'Invalid handle.' (Address: 00000000623ABD5A)
0x00000000623ABD5A (gameassembly) (function-name not available)
ERROR: SymGetSymFromAddr64, GetLastError: 'Invalid handle.' (Address: 0000000061420D6E)
0x0000000061420D6E (gameassembly) (function-name not available)
ERROR: SymGetSymFromAddr64, GetLastError: 'Invalid handle.' (Address: 0000000060FD735C)
0x0000000060FD735C (gameassembly) (function-name not available)
0x00000000611F83F0 (gameassembly) UnityPalGetTimeZoneDataForID
0x00000000611D7086 (gameassembly) UnityPalGetTimeZoneDataForID
0x00000000611C02C2 (gameassembly) il2cpp_value_box
0x00000000611C1703 (gameassembly) il2cpp_value_box
0x000000007B62C999 (kernel32) BaseThreadInitThunk
0x000000017005F1E3 (ntdll) RtlUserThreadStart


Call Stack for Thread 688:
0x000000017000CCD4 (ntdll) ZwDelayExecution
0x000000007B06CE40 (kernelbase) SleepEx
0x00000000611C15C5 (gameassembly) il2cpp_value_box
0x00000000611D6BF2 (gameassembly) UnityPalGetTimeZoneDataForID
ERROR: SymGetSymFromAddr64, GetLastError: 'Invalid handle.' (Address: 00000000630992AD)
0x00000000630992AD (gameassembly) (function-name not available)
ERROR: SymGetSymFromAddr64, GetLastError: 'Invalid handle.' (Address: 00000000616902F5)
0x00000000616902F5 (gameassembly) (function-name not available)
ERROR: SymGetSymFromAddr64, GetLastError: 'Invalid handle.' (Address: 0000000063094172)
0x0000000063094172 (gameassembly) (function-name not available)
ERROR: SymGetSymFromAddr64, GetLastError: 'Invalid handle.' (Address: 0000000061420D6E)
0x0000000061420D6E (gameassembly) (function-name not available)
ERROR: SymGetSymFromAddr64, GetLastError: 'Invalid handle.' (Address: 00000000623B6FD6)
0x00000000623B6FD6 (gameassembly) (function-name not available)
ERROR: SymGetSymFromAddr64, GetLastError: 'Invalid handle.' (Address: 0000000062337480)
0x0000000062337480 (gameassembly) (function-name not available)
ERROR: SymGetSymFromAddr64, GetLastError: 'Invalid handle.' (Address: 00000000623ABC64)
0x00000000623ABC64 (gameassembly) (function-name not available)
ERROR: SymGetSymFromAddr64, GetLastError: 'Invalid handle.' (Address: 00000000623B6EA7)
0x00000000623B6EA7 (gameassembly) (function-name not available)
ERROR: SymGetSymFromAddr64, GetLastError: 'Invalid handle.' (Address: 00000000623B6A0E)
0x00000000623B6A0E (gameassembly) (function-name not available)
ERROR: SymGetSymFromAddr64, GetLastError: 'Invalid handle.' (Address: 0000000062505917)
0x0000000062505917 (gameassembly) (function-name not available)
ERROR: SymGetSymFromAddr64, GetLastError: 'Invalid handle.' (Address: 0000000060FDB701)
0x0000000060FDB701 (gameassembly) (function-name not available)
0x000000006122C167 (gameassembly) DllGetActivationFactory
0x000000006120383C (gameassembly) UnityPalGetTimeZoneDataForID
0x00000000611C02C2 (gameassembly) il2cpp_value_box
0x00000000611C1703 (gameassembly) il2cpp_value_box
0x000000007B62C999 (kernel32) BaseThreadInitThunk
0x000000017005F1E3 (ntdll) RtlUserThreadStart


Call Stack for Thread 708:
0x000000017000E1B4 (ntdll) NtWaitForMultipleObjects
0x000000007B06C81A (kernelbase) SHLoadIndirectString
0x000000007B06CF3E (kernelbase) WaitForSingleObject
0x00000001EC2BEB4B (ws2_32) select
0x00000000611BF35B (gameassembly) il2cpp_value_box
0x0000000061228553 (gameassembly) DllGetActivationFactory
0x000000006122AFF1 (gameassembly) DllGetActivationFactory
0x000000006120383C (gameassembly) UnityPalGetTimeZoneDataForID
0x00000000611C02C2 (gameassembly) il2cpp_value_box
0x00000000611C1703 (gameassembly) il2cpp_value_box
0x000000007B62C999 (kernel32) BaseThreadInitThunk
0x000000017005F1E3 (ntdll) RtlUserThreadStart


Call Stack for Thread 712:
0x000000017000E1B4 (ntdll) NtWaitForMultipleObjects
0x000000007B06C81A (kernelbase) SHLoadIndirectString
0x000000007B06CF3E (kernelbase) WaitForSingleObject
0x0000000180FC848A (unityplayer) UnityMain
0x0000000180FC83DE (unityplayer) UnityMain
0x0000000180F562B6 (unityplayer) UnityMain
ERROR: SymGetSymFromAddr64, GetLastError: 'Invalid handle.' (Address: 00000001813FA2B4)
0x00000001813FA2B4 (unityplayer) (function-name not available)
0x000000007B62C999 (kernel32) BaseThreadInitThunk
0x000000017005F1E3 (ntdll) RtlUserThreadStart


Call Stack for Thread 716:
0x000000017000E1B4 (ntdll) NtWaitForMultipleObjects
0x000000007B06C81A (kernelbase) SHLoadIndirectString
0x000000007B06CF3E (kernelbase) WaitForSingleObject
0x0000000180FAAA15 (unityplayer) UnityMain
0x0000000180F5457A (unityplayer) UnityMain
0x0000000180F56281 (unityplayer) UnityMain
ERROR: SymGetSymFromAddr64, GetLastError: 'Invalid handle.' (Address: 00000001813FA2B4)
0x00000001813FA2B4 (unityplayer) (function-name not available)
0x000000007B62C999 (kernel32) BaseThreadInitThunk
0x000000017005F1E3 (ntdll) RtlUserThreadStart


Call Stack for Thread 720:
0x000000017000E294 (ntdll) __wine_unix_call
0x0000000236378764 (winepulse) EntryPoint
ERROR: SymGetSymFromAddr64, GetLastError: 'Invalid handle.' (Address: 0000000236373193)
0x0000000236373193 (winepulse) (function-name not available)
0x000000007B62C999 (kernel32) BaseThreadInitThunk
0x000000017005F1E3 (ntdll) RtlUserThreadStart


Call Stack for Thread 724:
0x000000017000CCD4 (ntdll) ZwDelayExecution
0x000000007B06CDDC (kernelbase) Sleep
0x0000000180F5472A (unityplayer) UnityMain
0x0000000180F562E4 (unityplayer) UnityMain
ERROR: SymGetSymFromAddr64, GetLastError: 'Invalid handle.' (Address: 00000001813FA2B4)
0x00000001813FA2B4 (unityplayer) (function-name not available)
0x000000007B62C999 (kernel32) BaseThreadInitThunk
0x000000017005F1E3 (ntdll) RtlUserThreadStart


Call Stack for Thread 728:
0x000000017000E1B4 (ntdll) NtWaitForMultipleObjects
0x000000007B06C81A (kernelbase) SHLoadIndirectString
0x000000007B06CF3E (kernelbase) WaitForSingleObject
0x0000000180FAAA15 (unityplayer) UnityMain
0x0000000180F5457A (unityplayer) UnityMain
0x0000000180F56281 (unityplayer) UnityMain
ERROR: SymGetSymFromAddr64, GetLastError: 'Invalid handle.' (Address: 00000001813FA2B4)
0x00000001813FA2B4 (unityplayer) (function-name not available)
0x000000007B62C999 (kernel32) BaseThreadInitThunk
0x000000017005F1E3 (ntdll) RtlUserThreadStart


Call Stack for Thread 736:
0x000000017000E154 (ntdll) NtWaitForAlertByThreadId
0x000000017005DAD4 (ntdll) RtlWaitOnAddress
0x000000017005E8A6 (ntdll) RtlSleepConditionVariableCS
0x0000000170061FA5 (ntdll) RtlProcessFlsData
0x000000007B62C999 (kernel32) BaseThreadInitThunk
0x000000017005F1E3 (ntdll) RtlUserThreadStart


Call Stack for Thread 740:
0x000000017000E154 (ntdll) NtWaitForAlertByThreadId
0x000000017005DAD4 (ntdll) RtlWaitOnAddress
0x000000017005E8A6 (ntdll) RtlSleepConditionVariableCS
0x0000000170061FA5 (ntdll) RtlProcessFlsData
0x000000007B62C999 (kernel32) BaseThreadInitThunk
0x000000017005F1E3 (ntdll) RtlUserThreadStart


Call Stack for Thread 744:
0x000000017000E154 (ntdll) NtWaitForAlertByThreadId
0x000000017005DAD4 (ntdll) RtlWaitOnAddress
0x000000017005E8A6 (ntdll) RtlSleepConditionVariableCS
0x0000000170061FA5 (ntdll) RtlProcessFlsData
0x000000007B62C999 (kernel32) BaseThreadInitThunk
0x000000017005F1E3 (ntdll) RtlUserThreadStart


Call Stack for Thread 748:
0x000000017000E294 (ntdll) __wine_unix_call
ERROR: SymGetSymFromAddr64, GetLastError: 'Invalid handle.' (Address: 00000002C83DCB74)
0x00000002C83DCB74 (winegstreamer) (function-name not available)
ERROR: SymGetSymFromAddr64, GetLastError: 'Invalid handle.' (Address: 00000002C83BBB29)
0x00000002C83BBB29 (winegstreamer) (function-name not available)
0x00000002C83BD835 (winegstreamer) DllUnregisterServer
0x000000007B62C999 (kernel32) BaseThreadInitThunk
0x000000017005F1E3 (ntdll) RtlUserThreadStart


Call Stack for Thread 760:
0x000000017000E154 (ntdll) NtWaitForAlertByThreadId
0x000000017005DAD4 (ntdll) RtlWaitOnAddress
0x000000017005E8A6 (ntdll) RtlSleepConditionVariableCS
0x0000000170061FA5 (ntdll) RtlProcessFlsData
0x000000007B62C999 (kernel32) BaseThreadInitThunk
0x000000017005F1E3 (ntdll) RtlUserThreadStart


Call Stack for Thread 768:
0x000000017000E1B4 (ntdll) NtWaitForMultipleObjects
0x000000007B06C81A (kernelbase) SHLoadIndirectString
0x000000007B06CF3E (kernelbase) WaitForSingleObject
0x00000001EC2BA9FE (ws2_32) WSCEnumProtocols
0x00000001EC2BE607 (ws2_32) recvfrom
0x000000016FC35290 (raknet) NET_StartServer
ERROR: SymGetSymFromAddr64, GetLastError: 'Invalid handle.' (Address: 000000016FC539C1)
0x000000016FC539C1 (raknet) (function-name not available)
0x000000007B62C999 (kernel32) BaseThreadInitThunk
0x000000017005F1E3 (ntdll) RtlUserThreadStart


Call Stack for Thread 772:
0x000000017000E1B4 (ntdll) NtWaitForMultipleObjects
0x000000007B06C81A (kernelbase) SHLoadIndirectString
0x000000007B06CF9B (kernelbase) WaitForSingleObjectEx
0x000000016FC435DA (raknet) NET_StartServer
ERROR: SymGetSymFromAddr64, GetLastError: 'Invalid handle.' (Address: 000000016FC539C1)
0x000000016FC539C1 (raknet) (function-name not available)
0x000000007B62C999 (kernel32) BaseThreadInitThunk
0x000000017005F1E3 (ntdll) RtlUserThreadStart


Call Stack for Thread 792:
0x000000017000CCD4 (ntdll) ZwDelayExecution
0x000000007B06CDDC (kernelbase) Sleep
0x0000000180F5472A (unityplayer) UnityMain
0x0000000180F562E4 (unityplayer) UnityMain
ERROR: SymGetSymFromAddr64, GetLastError: 'Invalid handle.' (Address: 00000001813FA2B4)
0x00000001813FA2B4 (unityplayer) (function-name not available)
0x000000007B62C999 (kernel32) BaseThreadInitThunk
0x000000017005F1E3 (ntdll) RtlUserThreadStart




Stack Memory [0x000000000010E3C0-0x0000000000120000]:
0x0010e3c0: 00000000 00000000 7d618840 0000000a ........@.a}....
0x0010e3d0: 0010ee60 00000000 00000000 00000000 `...............
0x0010e3e0: c0002930 00000000 800adbd0 00000000 0)..............
0x0010e3f0: 800b7c70 00000000 80ad9cda 00000001 p|..............
0x0010e400: 007ba1b0 00000008 0010f530 00000000 ..{.....0.......
0x0010e410: 800ad390 00000000 800b8140 00000000 ........@.......
0x0010e420: 0010e480 00000000 800b7c70 00000000 ........p|......
0x0010e430: 0010ee60 00000000 800ad2c0 00000000 `...............
0x0010e440: 0010eed0 00000000 0010ee60 00000000 ........`.......
0x0010e450: 00000000 00000000 00000003 00000000 ................
0x0010e460: 800aee40 00000000 80602b91 00000001 @........+`.....
0x0010e470: 00000000 00000000 00000019 00000000 ................
0x0010e480: 800b7c70 00000000 d72362c0 00000001 p|.......b#.....
0x0010e490: ffd914ea 00000000 0010e5e0 00000000 ................
0x0010e4a0: 00000000 00000000 00000000 00000000 ................
0x0010e4b0: 00000000 00000000 800c7730 00000000 ........0w......
0x0010e4c0: 800b8140 00000000 00000000 00000000 @...............
0x0010e4d0: e0048f50 00000003 805e8fc6 00000001 P.........^.....
0x0010e4e0: 00000001 00000000 0010e5e0 00000000 ................
0x0010e4f0: 0010f5a8 00000000 00000000 00000000 ................
0x0010e500: 00000001 00000000 800b8140 00000000 ........@.......
0x0010e510: 800ad2c0 00000000 bec437e2 bec437e2 .........7...7..
0x0010e520: 3f000001 b33024f4 b337c918 b337c918 ...?.$0...7...7.
0x0010e530: 337fffee 3effffff b3c00000 b3c00000 ...3...>........
0x0010e540: 32bffff0 33000000 3efffffe 3efffffe ...2...3...>...>
0x0010e550: bdd4b760 3e06ed5c bf7c5f00 00000000 `...\..>._|.....
0x0010e560: 3c655078 bf7dab38 be092189 00000000 xPe<8.}..!......
0x0010e570: 00000000 00000000 00000000 00000000 ................
0x0010e580: 00000000 00000000 3e448d7d 00000000 ........}.D>....
0x0010e590: 3e863fb0 3f76aa83 3d5a5388 00000000 .?.>..v?.SZ=....
0x0010e5a0: be4bfd95 00000000 44223344 424799c7 ..K.....D3"D..GB
0x0010e5b0: c49be62a 429df5c3 3f800000 00000438 *......B...?8...
0x0010e5c0: 3f646537 be624b34 bec9b3e7 c48464a7 7ed?4Kb......d..
0x0010e5d0: 3f2ae46b be624b55 3f36051e 43e858f7 k.*?UKb...6?.X.C
0x0010e5e0: 3f4d861e 3f12ccec 3e271e6e c3acf90f ..M?...?n.'>....
0x0010e5f0: 3ecbd6b3 bf69ebde 3da5bf5a c2df898b ...>..i.Z..=....
0x0010e600: 3f71b8da be88fea0 3e448d71 c3b3f5cc ..q?....q.D>....
0x0010e610: bf71b8da 3e88fea0 be448d71 45237ded ..q....>q.D..}#E
0x0010e620: 3b20d3ec 3f7d6b7c 3e101c2d 3e101c2d .. ;|k}?-..>-..>
0x0010e630: bf5ea329 bd89e389 3efa3e81 3efa3e81 ).^......>.>.>.>
0x0010e640: 3efca293 bdfd2d3e 3f5c67ad 3f5c67ad ...>>-...g\?.g\?
0x0010e650: 3b20d8f3 3f7d7367 3e1020ae 3e1020ae .. ;gs}?. .>. .>
0x0010e660: 00000006 5fe77b33 00000000 80000000 ....3{._........
0x0010e670: 45237ded 45237ded 45237ded 45237ded .}#E.}#E.}#E.}#E
0x0010e680: 45237ded 45237ded 45237ded 45237ded .}#E.}#E.}#E.}#E
0x0010e690: 45237ded 45237ded 45237ded 45237ded .}#E.}#E.}#E.}#E
0x0010e6a0: 45237ded 45237ded 45237ded 45237ded .}#E.}#E.}#E.}#E
0x0010e6b0: 45237ded 45237ded 45237ded 45237ded .}#E.}#E.}#E.}#E
0x0010e6c0: 45237ded 45237ded 45237ded 45237ded .}#E.}#E.}#E.}#E
0x0010e6d0: 45237ded 45237ded 45237ded 45237ded .}#E.}#E.}#E.}#E
0x0010e6e0: 45237ded 45237ded 45237ded 45237ded .}#E.}#E.}#E.}#E
0x0010e6f0: 00000001 3e0b3ee9 3ea2ea2a 3f71bb99 .....>.>*..>..q?
0x0010e700: 3f71b8da 3498e792 3f95ab07 be89002e ..q?...4...?....
0x0010e710: be88fea0 bf2b3ee0 3d8478ff 3e448fab .....>+..x.=..D>
0x0010e720: 3e448d70 c466a07c c3381e2d c3b3fe3e p.D>|.f.-.8.>...
0x0010e730: c3b3ef66 44223344 424799c7 c49be62a f...D3"D..GB*...
0x0010e740: 450d0000 0000004d 00000000 00000000 ...EM...........
0x0010e750: 00000000 44f00000 44870000 3f71b8da .......D...D..q?
0x0010e760: be88fea0 3e448d71 3d4ccccd 450d0000 ....q.D>..L=...E
0x0010e770: 3d4ccccd 450d0000 3fe38e39 3e4bfd83 ..L=...E9..?..K>
0x0010e780: 34e29d4d bf7ade76 00000000 3e863fb1 M..4v.z......?.>
0x0010e790: 3f76aa80 3d5a5390 00000000 bf71b8da ..v?.SZ=......q.
0x0010e7a0: 3e88fea0 be448d71 00000000 44223344 ...>q.D.....D3"D
0x0010e7b0: 424799c4 c49be629 3f800000 3e0b3ee9 ..GB)......?.>.>
0x0010e7c0: 3ea2ea2a 3f71bb99 3f71b8da 3498e792 *..>..q?..q?...4
0x0010e7d0: 3f95ab07 be89002e be88fea0 bf2b3ee0 ...?.........>+.
0x0010e7e0: 3d8478ff 3e448fab 3e448d70 c466a07c .x.=..D>p.D>|.f.
0x0010e7f0: c3381e2d c3b3fe3e c3b3ef66 3e956b5e -.8.>...f...^k.>
0x0010e800: 3528b344 bfb7c1dc 00000000 3e5d40f2 D.(5.........@]>
0x0010e810: 3f4b4377 3d33e912 00000000 c5caba9c wCK?..3=........
0x0010e820: c3f97981 4642da71 c11ffbaf 45cac477 .y..q.BF....w..E
0x0010e830: 43f95a16 c642dbe4 411ffd80 3e0b3ee9 .Z.C..B....A.>.>
0x0010e840: 3ea2ea2a 3f71bb99 3f71b8da 3498e792 *..>..q?..q?...4
0x0010e850: 3f95ab07 be89002e be88fea0 bf2b3ee0 ...?.........>+.
0x0010e860: 3d8478ff 3e448fab 3e448d70 c466a07c .x.=..D>p.D>|.f.
0x0010e870: c3381e2d c3b3fe3e c3b3ef66 3f2ebf82 -.8.>...f......?
0x0010e880: 00000000 00000000 00000000 00000000 ................
0x0010e890: 3f9b54e5 00000000 00000000 00000000 .T.?............
0x0010e8a0: 00000000 bf800174 bf800000 00000000 ....t...........
0x0010e8b0: 00000000 bdcccdf7 00000000 3f800000 ...............?
0x0010e8c0: 00000000 00000000 00000000 00000000 ................
0x0010e8d0: 3f800000 00000000 00000000 00000000 ...?............
0x0010e8e0: 00000000 3f800000 00000000 00000000 .......?........
0x0010e8f0: 00000000 00000000 3f800000 3f800000 ...........?...?
0x0010e900: 00000000 00000000 00000000 00000000 ................
0x0010e910: 3f800000 00000000 00000000 00000000 ...?............
0x0010e920: 00000000 3f800000 00000000 00000000 .......?........
0x0010e930: 00000000 00000000 3f800000 3e4bfd84 ...........?..K>
0x0010e940: 3e863fb1 bf71b8da 00000000 34e00000 .?.>..q........4
0x0010e950: 3f76aa7f 3e88fea0 00000000 bf7ade76 ..v?...>....v.z.
0x0010e960: 3d5a5390 be448d70 00000000 c4a8ee27 .SZ=p.D.....'...
0x0010e970: c317b89c 43b3ef66 3f800000 3e863fb4 ....f..C...?.?.>
0x0010e980: 3f76aa7f 3d5a531e 3e4bfd7b 32000000 ..v?.SZ={.K>...2
0x0010e990: bf7ade76 3f71b8da be88fea0 3e448d70 v.z...q?....p.D>
0x0010e9a0: 3e8aaf2d 3faf6434 34e879ee 00000000 -..>4d.?.y.4....
0x0010e9b0: 00000000 00000000 45ce8f69 00000001 ........i..E....
0x0010e9c0: 3f646537 be624b34 bec9b3e7 c48464a7 7ed?4Kb......d..
0x0010e9d0: 3f2ae46b be624b55 3f36051e 43e858f7 k.*?UKb...6?.X.C
0x0010e9e0: 3f4d861e 3f12ccec 3e271e6e c3acf90f ..M?...?n.'>....
0x0010e9f0: 3ecbd6b3 bf69ebde 3da5bf5a c2df898b ...>..i.Z..=....
0x0010ea00: 3f71b8da be88fea0 3e448d71 c3b3f5cc ..q?....q.D>....
0x0010ea10: bf71b8da 3e88fea0 be448d71 43c7ef66 ..q....>q.D.f..C
0x0010ea20: 3f646537 be624b34 bec9b3e7 c48464a7 7ed?4Kb......d..
0x0010ea30: 3f2ae46b be624b55 3f36051e 43e858f7 k.*?UKb...6?.X.C
0x0010ea40: 3f4d861e 3f12ccec 3e271e6e c3acf90f ..M?...?n.'>....
0x0010ea50: 3ecbd6b3 bf69ebde 3da5bf5a c2df898b ...>..i.Z..=....
0x0010ea60: 3f71b8da be88fea0 3e448d71 c3b3f5cc ..q?....q.D>....
0x0010ea70: bf71b8da 3e88fea0 be448d71 43c7ef66 ..q....>q.D.f..C
0x0010ea80: 43b3ef66 00000000 80584697 00000001 f..C.....FX.....
0x0010ea90: 00000000 00000000 00000000 00000000 ................
0x0010eaa0: 00000000 00000000 00000000 00000000 ................
0x0010eab0: 00000000 00000000 00000000 00000000 ................
0x0010eac0: 00000000 00000000 00000000 00000000 ................
0x0010ead0: 00000000 00000000 00000000 00000000 ................
0x0010eae0: 00000000 00000000 00000000 00000000 ................
0x0010eaf0: 00000000 00000000 00000000 00000000 ................
0x0010eb00: 00000000 00000000 00000000 00000000 ................
0x0010eb10: 00000000 00000000 5fe77b33 007428d6 ........3{._.(t.
0x0010eb20: 00000000 00000001 00000000 00000001 ................
0x0010eb30: bf800000 00000006 0010eb99 00000000 ................
0x0010eb40: 00000001 00000000 00000010 00000000 ................
0x0010eb50: f0a0af00 00000009 f8001020 00000009 ........ .......
0x0010eb60: 00000000 00000000 00000001 00000000 ................
0x0010eb70: 00000001 00000000 00000002 00000000 ................
0x0010eb80: 00000000 00000000 800ac40b 00000001 ................
0x0010eb90: 007428d6 00000000 00000001 00000000 .(t.............
0x0010eba0: c0002930 00000000 00000001 00000000 0)..............
0x0010ebb0: f0a0af00 00000009 f8001020 ffffffff ........ .......
0x0010ebc0: 00000001 00000000 007428d6 00000000 .........(t.....
0x0010ebd0: 0001cd60 00000001 c001b290 00000000 `...............
0x0010ebe0: 3e57b5c0 0000000a e0048f50 00000003 ..W>....P.......
0x0010ebf0: 0010ed00 00000000 805f2c11 00000001 .........,_.....
0x0010ec00: 00000001 00000003 0010eca8 00000000 ................
0x0010ec10: 00000000 00000000 00000000 00000000 ................
0x0010ec20: 00000010 00000000 00000609 00000000 ................
0x0010ec30: 3efca28e bdfd2d3e 3f5c67af 00000000 ...>>-...g\?....
0x0010ec40: 00000000 00000001 007428d6 00000000 .........(t.....
0x0010ec50: 00000000 00000000 00000000 00000000 ................
0x0010ec60: 3e57b5c0 0000000a 3e57b658 0000000a ..W>....X.W>....
0x0010ec70: 3e57b658 0000000a 00000001 00000000 X.W>............
0x0010ec80: 00000000 00000000 00000000 00000000 ................
0x0010ec90: 00000001 be101ed4 00000000 00000000 ................
0x0010eca0: 00000000 00000000 e0048f50 00000003 ........P.......
0x0010ecb0: 00000000 00000000 00000000 00000000 ................
0x0010ecc0: 0000000c 3f800001 00000000 00000000 .......?........
0x0010ecd0: 00000000 b2800000 3f800001 00000000 ...........?....
0x0010ece0: 00000000 00000000 00000000 00000000 ................
0x0010ecf0: 00000000 00000000 00000000 00000000 ................
0x0010ed00: 00000000 00000000 00000000 00000000 ................
0x0010ed10: 00000000 00000000 00000000 00000000 ................
0x0010ed20: 00000000 00000000 00000000 00000000 ................
0x0010ed30: 00000000 00000000 00000000 00000000 ................
0x0010ed40: 00000000 00000000 00000000 00000000 ................
0x0010ed50: 00000000 00000000 00000000 00000000 ................
0x0010ed60: 00000000 00000000 00000000 00000000 ................
0x0010ed70: 00000000 00000000 00000000 00000000 ................
0x0010ed80: 00000000 00000000 00000000 00000000 ................
0x0010ed90: bf6dfe00 bd3750cb 00000000 00000000 ..m..P7.........
0x0010eda0: e0048f50 00000003 e0048f50 00000003 P.......P.......
0x0010edb0: e0048f50 00000003 00000000 00000000 P...............
0x0010edc0: 00000000 00000000 00000000 00000000 ................
0x0010edd0: 3f800000 3f800000 00000000 00000000 ...?...?........
0x0010ede0: 00000000 00000000 00000000 00000000 ................
0x0010edf0: 00000000 00000000 00000000 00000000 ................
0x0010ee00: 00000000 00000000 00000000 00000000 ................
0x0010ee10: 00000000 00000000 00000000 00000000 ................
0x0010ee20: 00000000 00000000 00000000 00000000 ................
0x0010ee30: feeaa400 00000000 00000000 01010101 ................
0x0010ee40: 01010000 3db344ec 3d468270 00000000 .....D.=p.F=....
0x0010ee50: f0a0af00 00000009 f8001020 00000009 ........ .......
0x0010ee60: 00000000 00000000 00000000 3f800000 ...............?
0x0010ee70: 00000000 00000000 00000000 00000000 ................
0x0010ee80: 813be070 00000009 000dece0 00000000 p.;.............
0x0010ee90: f30b4710 0000000a 000ce440 00000000 .G......@.......
0x0010eea0: 800ad2c0 00000000 00000007 3f800000 ...............?
0x0010eeb0: 00000000 00000000 00000000 00000000 ................
0x0010eec0: 00000000 00000000 00000000 00000000 ................
0x0010eed0: 800bb850 00000000 00000002 00000000 P...............
0x0010eee0: 00000020 00000000 00000040 00000000  .......@.......
0x0010eef0: 00000000 00000000 00000002 00000000 ................
0x0010ef00: 00000000 00000000 00000000 00000000 ................
0x0010ef10: 00000000 00000000 00000002 00000000 ................
0x0010ef20: 00000000 00000000 00000000 00000000 ................
0x0010ef30: 00000000 00000000 00000002 00000000 ................
0x0010ef40: 00000000 00000000 00000000 00000000 ................
0x0010ef50: 00000000 00000000 00000002 00000000 ................
0x0010ef60: 00000000 00000000 00000000 00000000 ................
0x0010ef70: 00000000 00000000 00000002 00000000 ................
0x0010ef80: 00000000 00000000 00000000 00000000 ................
0x0010ef90: 00000000 00000000 00000002 00000000 ................
0x0010efa0: 00000000 00000000 00000000 00000000 ................
0x0010efb0: 800bbb60 00000000 00000002 00000000 `...............
0x0010efc0: 0000000a 00000000 00000020 00000000 ........ .......
0x0010efd0: 800bb9f0 00000000 00000002 00000000 ................
0x0010efe0: 0000000f 00000000 00000020 00000000 ........ .......
0x0010eff0: 00000000 00000000 00000002 00000000 ................
0x0010f000: 00000000 00000000 00000000 00000000 ................
0x0010f010: 00000000 00000000 00000002 00000000 ................
0x0010f020: 00000000 00000000 00000000 00000000 ................
0x0010f030: 00000000 00000000 00000002 00000000 ................
0x0010f040: 00000000 00000000 00000000 00000000 ................
0x0010f050: 00000000 00000000 00000002 00000000 ................
0x0010f060: 00000000 00000000 00000000 00000000 ................
0x0010f070: 00000000 00000000 00000002 00000000 ................
0x0010f080: 00000000 00000000 00000000 00000000 ................
0x0010f090: 00000000 00000000 00000002 00000000 ................
0x0010f0a0: 00000000 00000000 00000000 00000000 ................
0x0010f0b0: 00000000 00000000 00000002 00000000 ................
0x0010f0c0: 00000000 00000000 00000000 00000000 ................
0x0010f0d0: 00000000 00000000 00000002 00000000 ................
0x0010f0e0: 00000000 00000000 00000000 00000000 ................
0x0010f0f0: 00000000 00000000 00000002 00000000 ................
0x0010f100: 00000000 00000000 00000000 00000000 ................
0x0010f110: 800bc030 00000000 00000002 00000000 0...............
0x0010f120: 0000000a 00000000 00000016 00000000 ................
0x0010f130: bf0c9601 3d71682c 00000001 00000000 ....,hq=........
0x0010f140: 00000003 00000000 00000006 00000000 ................
0x0010f150: 00000000 00000000 00000000 00000000 ................
0x0010f160: 00000000 00000000 00000000 00000000 ................
0x0010f170: 0c000001 00000001 7dbf3140 0000000a ........@1.}....
0x0010f180: 0000004a 00000001 0000000a 00000000 J...............
0x0010f190: 00000022 00000000 800bc940 00000000 ".......@.......
0x0010f1a0: 00000002 3df9afeb 00000004 00000000 .......=........
0x0010f1b0: 00000016 00000000 357c0d60 0000000a ........`.|5....
0x0010f1c0: 000bf674 00000000 f30b10b0 0000000a t...............
0x0010f1d0: 000dfe10 00000000 800e4720 00000000 ........ G......
0x0010f1e0: 00000002 00000000 00000003 00000000 ................
0x0010f1f0: 00000006 00000000 80584e2f 00000000 ......../NX.....
0x0010f200: 44223344 424799c7 c49be62a 429df5c3 D3"D..GB*......B
0x0010f210: 3f800000 00000438 3f646537 be624b34 ...?8...7ed?4Kb.
0x0010f220: bec9b3e7 c48464a7 3f2ae46b be624b55 .....d..k.*?UKb.
0x0010f230: 3f36051e 43e858f7 3f4d861e 3f12ccec ..6?.X.C..M?...?
0x0010f240: 3e271e6e c3acf90f 3ecbd6b3 bf69ebde n.'>.......>..i.
0x0010f250: 3da5bf5a c2df898b 3f71b8da be88fea0 Z..=......q?....
0x0010f260: 3e448d71 c3b3f5cc bf71b8da 3e88fea0 q.D>......q....>
0x0010f270: be448d71 45237ded 60f927dc 00000000 q.D..}#E.'.`....
0x0010f280: 817acbf0 00000001 0000004a 00000000 ..z.....J.......
0x0010f290: 00000028 00000000 3f54eca2 00000000 (.........T?....
0x0010f2a0: 00000000 00000000 611f83f0 00000000 ...........a....
0x0010f2b0: be8e8ae4 3f21b2cc 00000006 5fe77b33 ......!?....3{._
0x0010f2c0: 00000000 80000000 45237ded 45237ded .........}#E.}#E
0x0010f2d0: 45237ded 45237ded 45237ded 45237ded .}#E.}#E.}#E.}#E
0x0010f2e0: 45237ded 45237ded 45237ded 45237ded .}#E.}#E.}#E.}#E
0x0010f2f0: 45237ded 45237ded 45237ded 45237ded .}#E.}#E.}#E.}#E
0x0010f300: 45237ded 45237ded 45237ded 45237ded .}#E.}#E.}#E.}#E
0x0010f310: 45237ded 45237ded 45237ded 45237ded .}#E.}#E.}#E.}#E
0x0010f320: 45237ded 45237ded 45237ded 45237ded .}#E.}#E.}#E.}#E
0x0010f330: 45237ded 45237ded 45237ded 45237ded .}#E.}#E.}#E.}#E
0x0010f340: 45237ded 45237ded 00000001 3e0b3ee9 .}#E.}#E.....>.>
0x0010f350: 3ea2ea2a 3f71bb99 3f71b8da 3498e792 *..>..q?..q?...4
0x0010f360: 3f95ab07 be89002e be88fea0 bf2b3ee0 ...?.........>+.
0x0010f370: 3d8478ff 3e448fab 3e448d70 c466a07c .x.=..D>p.D>|.f.
0x0010f380: c3381e2d c3b3fe3e c3b3ef66 44223344 -.8.>...f...D3"D
0x0010f390: 424799c7 c49be62a 800aee40 00000000 ..GB*...@.......
0x0010f3a0: 00000007 00000000 800b80c0 00000000 ................
0x0010f3b0: 00010100 00010100 00000003 00000000 ................
0x0010f3c0: 00000000 00000000 00000000 00000000 ................
0x0010f3d0: 00000000 00000000 003363a0 00000000 .........c3.....
0x0010f3e0: 00000001 00000000 800921d4 00000001 .........!......
0x0010f3f0: 00000000 00000000 00f95868 00000001 ........hX......
0x0010f400: 007428d6 00000000 00000000 00000000 .(t.............
0x0010f410: 00000000 00000000 003363a0 00000000 .........c3.....
0x0010f420: 00000001 00000009 f8001020 00000009 ........ .......
0x0010f430: 00000000 00000000 8066af60 00000001 ........`.f.....
0x0010f440: 0010f3e0 00000000 0010eea0 00000000 ................
0x0010f450: 00000000 00000000 00000000 00000000 ................
0x0010f460: 00000000 00000000 00000000 00000006 ................
0x0010f470: 00000000 00000000 00000000 00000000 ................
0x0010f480: bf800000 ffffffff 800b80c0 00000000 ................
0x0010f490: 00000002 00000000 00000004 00000000 ................
0x0010f4a0: 00000008 00000000 800ad350 00000000 ........P.......
0x0010f4b0: 00000000 00000000 00000002 00000000 ................
0x0010f4c0: 00000000 00000000 00000000 00000000 ................
0x0010f4d0: 00000000 00000000 00000002 00000000 ................
0x0010f4e0: 00000000 00000000 00000000 00000000 ................
0x0010f4f0: 00000000 00000000 00000002 00000000 ................
0x0010f500: 00000000 00000000 00000000 00000000 ................
0x0010f510: 00000000 00000000 00000002 00000001 ................
0x0010f520: 00000000 00000000 00000000 00000000 ................
0x0010f530: 00000000 00000000 00000002 00000000 ................
0x0010f540: 00000000 00000000 00000000 00000000 ................
0x0010f550: 800b8140 00000000 00000000 00000000 @...............
0x0010f560: 00000000 00000000 00000000 00000000 ................
0x0010f570: 00000002 00000000 00000000 00000000 ................
0x0010f580: 00000000 00000000 00000000 00000000 ................
0x0010f590: 00000002 b6844ef2 00000000 00000000 .....N..........
0x0010f5a0: 00000000 00000000 00000000 00000000 ................
0x0010f5b0: 00000000 00000000 fe056ad0 0000000a .........j......
0x0010f5c0: 0000004a 00000001 0000000b 00000000 J...............
0x0010f5d0: 00000016 00000000 fedf6b10 0000000a .........k......
0x0010f5e0: 0000004a 00000001 00000003 00000000 J...............
0x0010f5f0: 00000006 00000000 c009e700 00000000 ................
0x0010f600: 00000000 00000000 ffffffff 00000000 ................
0x0010f610: 00000000 00000000 00000000 00000000 ................
0x0010f620: 00000000 00000000 00000000 00000000 ................
0x0010f630: 00f95868 00000001 00000001 00000000 hX..............
0x0010f640: 00000000 00000000 807936d7 00000001 .........6y.....
0x0010f650: 804f5d00 00000001 00000000 00000001 .]O.............
0x0010f660: 00000000 00000000 00000000 00000000 ................
0x0010f670: 00000000 00000000 00000000 00000000 ................
0x0010f680: 00000000 00000000 f0a0af00 00000009 ................
0x0010f690: f8001020 00000009 00000014 00000000  ...............
0x0010f6a0: 00f95868 00000001 00000000 00000000 hX..............
0x0010f6b0: 00000000 00000000 80790b42 00000001 ........B.y.....
0x0010f6c0: 00000000 00000000 00000014 00000000 ................
0x0010f6d0: 00000000 00000000 00000000 00000000 ................
0x0010f6e0: 00f961c0 00000001 807855a7 00000001 .a.......Ux.....
0x0010f6f0: 00000000 00000000 00f95868 00000001 ........hX......
0x0010f700: 00000016 00000000 00000000 00000000 ................
0x0010f710: 003363a0 00000000 0010f820 00000000 .c3..... .......
0x0010f720: 00020090 00000000 0010f810 00000000 ................
0x0010f730: 0010f798 00000000 0000004a 00000000 ........J.......
0x0010f740: 00000000 00000000 0010f820 00000000 ........ .......
0x0010f750: 0010f810 00000000 808b29b3 00000001 .........)......
0x0010f760: 0010f808 00000000 00000000 00000000 ................
0x0010f770: 00000000 00000000 611f83f0 00000000 ...........a....
0x0010f780: 0010f810 00000000 808a9e00 00000001 ................
0x0010f790: 00000000 00000000 808b29b3 00000001 .........)......
0x0010f7a0: 0010f990 00000000 ffffffff ffffffff ................
0x0010f7b0: 00000000 00000000 808af2e5 00000001 ................
0x0010f7c0: 00000000 00000000 00000000 00000000 ................
0x0010f7d0: 00000000 00000000 808a17e9 00000001 ................
0x0010f7e0: 0010f990 00000000 800921d4 00000001 .........!......
0x0010f7f0: 00000000 00000000 ffffffff ffffffff ................
0x0010f800: 00000000 00000000 00000000 00000000 ................
0x0010f810: 00000000 00000000 003363a0 00000000 .........c3.....
0x0010f820: 00000001 00000000 800921d4 00000001 .........!......
0x0010f830: 00000000 00000000 ffffffff ffffffff ................
0x0010f840: 00000000 00000000 00000000 00000000 ................
0x0010f850: 00000000 00000000 003363a0 00000000 .........c3.....
0x0010f860: 00000001 00000000 0010f8f1 00000000 ................
0x0010f870: 0000004c 00000000 00f93920 00000001 L....... 9......
0x0010f880: 00000000 00000000 80785643 00000001 ........CVx.....
0x0010f890: 00000000 00000000 00000000 00000000 ................
0x0010f8a0: 00f95868 00000001 00000000 00000000 hX..............
0x0010f8b0: 00000000 00000000 00000000 00000000 ................
0x0010f8c0: 00000000 00000000 00000000 00000000 ................
0x0010f8d0: 00000000 00000000 00000000 00000000 ................
0x0010f8e0: 00000001 00000000 00000000 00000000 ................
0x0010f8f0: 00000000 00000000 00000000 00000000 ................
0x0010f900: 00000000 00000000 00000000 00000000 ................
0x0010f910: 00000001 00000000 003363a0 00000000 .........c3.....
0x0010f920: 00000000 00000000 00000000 00000000 ................
0x0010f930: 00000000 00000000 00000000 00000000 ................
0x0010f940: 00000000 00000000 80520101 00000001 ..........R.....
0x0010f950: 00000000 00000000 8054a37f 00000001 ..........T.....
0x0010f960: c0099cd0 00000000 00000000 00000000 ................
0x0010f970: 00000000 00000000 00000000 00000000 ................
0x0010f980: 00000000 00000000 80549b9b 00000001 ..........T.....
0x0010f990: 00000001 00000001 8054a37f 00000001 ..........T.....
0x0010f9a0: c0099cd0 00000000 00000000 00000000 ................
0x0010f9b0: 00000001 00000000 00000000 00000000 ................
0x0010f9c0: 00000000 00000000 80549ddd 00000001 ..........T.....
0x0010f9d0: 00000001 00000000 00000000 00000000 ................
0x0010f9e0: 00000001 00000000 003363a0 00000000 .........c3.....
0x0010f9f0: 00000000 00000000 8054b324 00000001 ........$.T.....
0x0010fa00: 20084c60 00000001 00000000 00000000 `L. ............
0x0010fa10: 00000000 00000000 ffffffff ffffffff ................
0x0010fa20: 00000000 00000000 80787a43 00000001 ........Czx.....
0x0010fa30: 00000440 00000000 00000234 031ec846 @.......4...F...
0x0010fa40: 00000440 00000000 00000001 00000000 @...............
0x0010fa50: 007b36c0 00000001 00000440 00000000 .6{.....@.......
0x0010fa60: 00000000 00000000 8052afce 00000001 ..........R.....
0x0010fa70: 00000438 00000780 805260a3 00000001 8........`R.....
0x0010fa80: ffffff37 0000004a c3490000 447b4000 7...J.....I..@{D
0x0010fa90: 00000000 00000000 8052c602 00000001 ..........R.....
0x0010faa0: ffffffff ffffffff 8053fabe 00000001 ..........S.....
0x0010fab0: 00000001 00000000 00000000 00000000 ................
0x0010fac0: 00000000 00000000 00000000 00000000 ................
0x0010fad0: 00000000 00000000 8053e81a 00000001 ..........S.....
0x0010fae0: 00000440 00000000 00020090 00000000 @...............
0x0010faf0: 00000000 00000000 ffffffff ffffffff ................
0x0010fb00: 00000001 00000000 3d8b5ddb 00000002 .........].=....
0x0010fb10: 00020090 00000000 000000ff 00000000 ................
0x0010fb20: 00000000 00000000 0000d0c1 00000000 ................
0x0010fb30: 00224ead 00000004 00000234 031ec846 .N".....4...F...
0x0010fb40: 10000400 00000000 805428b8 00000001 .........(T.....
0x0010fb50: 00000001 00000000 00000000 00000000 ................
0x0010fb60: 00000000 00000000 ffffffff ffffffff ................
0x0010fb70: 000001f5 00000000 000001f6 00000000 ................
0x0010fb80: 0000001d 00000000 00000000 00000000 ................
0x0010fb90: 00000000 00000000 00000000 00000000 ................
0x0010fba0: 00000000 00000000 00000000 00000000 ................
0x0010fbb0: 00000000 00000000 65726170 5748746e ........parentHW
0x0010fbc0: 7700444e 00006265 0000000a 00000000 ND.web..........
0x0010fbd0: 00000048 00000000 66472fc0 00000000 H......../Gf....
0x0010fbe0: 00000013 00000000 00000000 00000000 ................
0x0010fbf0: 00000013 00000000 00000048 00000000 ........H.......
0x0010fc00: 00000000 00000000 65646968 646e6957 ........hideWind
0x0010fc10: 7400776f 00007478 0000000a 00000000 ow.txt..........
0x0010fc20: 00000048 00000000 10000440 00000000 H.......@.......
0x0010fc30: 0000001d 00000000 00000000 00000000 ................
0x0010fc40: 0000001d 00000000 00000048 00000000 ........H.......
0x0010fc50: c0007c10 00000000 00000058 00000000 .|......X.......
0x0010fc60: 646e6556 0000726f 00000058 00000000 Vendor..X.......
0x0010fc70: 00000048 00000000 c00134e0 00000000 H........4......
0x0010fc80: 00000048 00000000 00000000 00000000 H...............
0x0010fc90: 00000048 00000000 00000048 00000000 H.......H.......
0x0010fca0: 00000000 00000000 00000000 00000000 ................
0x0010fcb0: 00000000 00000000 00000000 00000000 ................
0x0010fcc0: 00000000 00000000 00000000 00000000 ................
0x0010fcd0: 00000000 00000000 00000000 00000000 ................
0x0010fce0: 00000000 00000000 00000000 00000000 ................
0x0010fcf0: 40001844 00000001 00000000 00000000 D..@............
0x0010fd00: 00000000 00000000 00000000 00000000 ................
0x0010fd10: 00000002 00000000 00000000 00000000 ................
0x0010fd20: 80517f70 00000001 00000001 00000000 p.Q.............
0x0010fd30: 80518120 00000001 80517fd0 00000001  .Q.......Q.....
0x0010fd40: 00000002 00000000 80517e20 00000001 ........ ~Q.....
0x0010fd50: 8053c520 00000001 20f30000 00000000  .S........ ....
0x0010fd60: 20f31000 00000000 00003000 00000000 ... .....0......
0x0010fd70: 00001000 00000000 000000b4 00000000 ................
0x0010fd80: 00000098 00000000 0000009c 00000000 ................
0x0010fd90: 000000a0 00000000 000000a8 00000000 ................
0x0010fda0: 000000a4 00000000 00000160 005a0022 ........`...".Z.
0x0010fdb0: 005c003a 006f0068 0065006d 0070005c :.\.h.o.m.e.\.p.
0x0010fdc0: 00740061 00690072 006b0063 002e005c a.t.r.i.c.k.\...
0x0010fdd0: 006f006c 00610063 005c006c 00680073 l.o.c.a.l.\.s.h.
0x0010fde0: 00720061 005c0065 00740053 00610065 a.r.e.\.S.t.e.a.
0x0010fdf0: 005c006d 00740073 00610065 0061006d m.\.s.t.e.a.m.a.
0x0010fe00: 00700070 005c0073 006f0063 006d006d p.p.s.\.c.o.m.m.
0x0010fe10: 006e006f 0052005c 00730075 005c0074 o.n.\.R.u.s.t.\.
0x0010fe20: 006e0055 00740069 00430079 00610072 U.n.i.t.y.C.r.a.
0x0010fe30: 00680073 00610048 0064006e 0065006c s.h.H.a.n.d.l.e.
0x0010fe40: 00360072 002e0034 00780065 00220065 r.6.4...e.x.e.".
0x0010fe50: 002d0020 0061002d 00740074 00630061  .-.-.a.t.t.a.c.
0x0010fe60: 00200068 00340033 00200030 00350035 h. .3.4.0. .5.5.
0x0010fe70: 00380032 00300030 00350032 00000036 2.8.0.0.2.5.6...
0x0010fe80: 00000000 00000000 00000000 00000000 ................
0x0010fe90: 00000000 00000000 00000000 00000000 ................
0x0010fea0: 00000000 00000000 00000000 00000000 ................
0x0010feb0: 00000000 00000000 00000000 00000000 ................
0x0010fec0: 00000000 00000000 00000000 00000000 ................
0x0010fed0: 00000000 00000000 00000000 00000000 ................
0x0010fee0: 00000000 00000000 00000000 00000000 ................
0x0010fef0: 00000000 00000000 00000000 00000000 ................
0x0010ff00: 00000000 00000000 00000000 00000000 ................
0x0010ff10: 00000000 00000000 00000000 00000000 ................
0x0010ff20: 00000000 00000000 00000000 00000000 ................
0x0010ff30: 00000000 00000000 00000000 00000000 ................
0x0010ff40: 00000000 00000000 00000000 00000000 ................
0x0010ff50: 00000000 00000000 00000000 00000000 ................
0x0010ff60: 00000000 00000000 00000000 00000000 ................
0x0010ff70: 00000000 00000000 00000000 00000000 ................
0x0010ff80: 00000000 00000000 00000000 00000000 ................
0x0010ff90: 00000000 00000000 00000000 00000000 ................
0x0010ffa0: 00000000 00000000 00000000 00000000 ................
0x0010ffb0: 00000000 00000000 00000000 00000000 ................
0x0010ffc0: 00000000 00000000 00000000 00000000 ................
0x0010ffd0: 00000000 00000000 00000000 00000000 ................
0x0010ffe0: 00000000 00000000 00000000 00000000 ................
0x0010fff0: 00000000 00000000 00000000 00000000 ................
0x00110000: 00000000 00000000 00000000 00000000 ................
0x00110010: 00000000 00000000 00000000 00000000 ................
0x00110020: 00000000 00000000 00000000 00000000 ................
0x00110030: 00000000 00000000 00000000 00000000 ................
0x00110040: 00000000 00000000 00000000 00000000 ................
0x00110050: 00000000 00000000 00000000 00000000 ................
0x00110060: 00000000 00000000 00000000 00000000 ................
0x00110070: 00000000 00000000 00000000 00000000 ................
0x00110080: 00000000 00000000 00000000 00000000 ................
0x00110090: 00000000 00000000 00000000 00000000 ................
0x001100a0: 00000000 00000000 00000000 00000000 ................
0x001100b0: 00000000 00000000 00000000 00000000 ................
0x001100c0: 00000000 00000000 00000000 00000000 ................
0x001100d0: 00000000 00000000 00000000 00000000 ................
0x001100e0: 00000000 00000000 00000000 00000000 ................
0x001100f0: 00000000 00000000 00000000 00000000 ................
0x00110100: 00000000 00000000 00000000 00000000 ................
0x00110110: 00000000 00000000 00000000 00000000 ................
0x00110120: 00000000 00000000 00000000 00000000 ................
0x00110130: 00000000 00000000 00000000 00000000 ................
0x00110140: 00000000 00000000 00000000 00000000 ................
0x00110150: 00000000 00000000 00000000 00000000 ................
0x00110160: 00000000 00000000 00000000 00000000 ................
0x00110170: 00000000 00000000 00000000 00000000 ................
0x00110180: 00000000 00000000 00000000 00000000 ................
0x00110190: 00000000 00000000 00000000 00000000 ................
0x001101a0: 00000000 00000000 00000000 00000000 ................
0x001101b0: 00000000 00000000 00000000 00000000 ................
0x001101c0: 00000000 00000000 00000000 00000000 ................
0x001101d0: 00000000 00000000 00000000 00000000 ................
0x001101e0: 00000000 00000000 00000000 00000000 ................
0x001101f0: 00000000 00000000 00000000 00000000 ................
0x00110200: 00000000 00000000 00000000 00000000 ................
0x00110210: 00000000 00000000 00000000 00000000 ................
0x00110220: 00000000 00000000 00000000 00000000 ................
0x00110230: 00000000 00000000 00000000 00000000 ................
0x00110240: 00000000 00000000 00000000 00000000 ................
0x00110250: 00000000 00000000 00000000 00000000 ................
0x00110260: 00000000 00000000 00000000 00000000 ................
0x00110270: 00000000 00000000 00000000 00000000 ................
0x00110280: 00000000 00000000 00000000 00000000 ................
0x00110290: 00000000 00000000 00000000 00000000 ................
0x001102a0: 00000000 00000000 00000000 00000000 ................
0x001102b0: 00000000 00000000 00000000 00000000 ................
0x001102c0: 00000000 00000000 00000000 00000000 ................
0x001102d0: 00000000 00000000 00000000 00000000 ................
0x001102e0: 00000000 00000000 00000000 00000000 ................
0x001102f0: 00000000 00000000 00000000 00000000 ................
0x00110300: 00000000 00000000 00000000 00000000 ................
0x00110310: 00000000 00000000 00000000 00000000 ................
0x00110320: 00000000 00000000 00000000 00000000 ................
0x00110330: 00000000 00000000 00000000 00000000 ................
0x00110340: 00000000 00000000 00000000 00000000 ................
0x00110350: 00000000 00000000 00000000 00000000 ................
0x00110360: 00000000 00000000 00000000 00000000 ................
0x00110370: 00000000 00000000 00000000 00000000 ................
0x00110380: 00000000 00000000 00000000 00000000 ................
0x00110390: 00000000 00000000 00000000 00000000 ................
0x001103a0: 00000000 00000000 00000000 00000000 ................
0x001103b0: 00000000 00000000 00000000 00000000 ................

Module 1
Z:\home\patrick\.local\share\Steam\steamapps\common\Rust\GameAssembly.dll
Image Base: 0x80000000  Image Size: 0x034a9000
File Size:  51774296    File Time:  2022-04-11_202224
Version:
   Company:    P*
   Product:    P*
   FileDesc:   P*
   FileVer:    0.0.0.0
   ProdVer:    0.0.0.0

Module 2
Z:\home\patrick\.local\share\Steam\steamapps\common\Rust\RustClient_Data\Plugins\x86_64\GfxPluginDLSSNative.dll
Image Base: 0x80000000  Image Size: 0x00029000
File Size:  54104       File Time:  2022-04-02_194644
Version:
   Company:    P*
   Product:    P*
   FileDesc:   P*
   FileVer:    0.0.0.0
   ProdVer:    0.0.0.0

Module 3
Z:\home\patrick\.local\share\Steam\steamapps\common\Rust\RustClient_Data\Plugins\x86_64\GfxPluginNVIDIAReflex.dll
Image Base: 0x80000000  Image Size: 0x00014000
File Size:  45912       File Time:  2022-04-11_082852
Version:
   Company:    P*
   Product:    P*
   FileDesc:   P*
   FileVer:    0.0.0.0
   ProdVer:    0.0.0.0

Module 4
C:\windows\system32\api-ms-win-appmodel-runtime-l1-1-2.dll
Image Base: 0x05950000  Image Size: 0x00008000
File Size:  36698       File Time:  2022-02-23_121308
Version:
   Company:    P*
   Product:    P*
   FileDesc:   P*
   FileVer:    0.0.0.0
   ProdVer:    0.0.0.0

Module 5
Z:\home\patrick\.local\share\Steam\steamapps\common\Rust\RustClient_Data\Plugins\x86_64\steam_api64.dll
Image Base: 0x3b400000  Image Size: 0x0004c000
File Size:  291160      File Time:  2022-04-07_142014
Version:
   Company:    Valve Corporation
   Product:    Steam Client API
   FileDesc:   Steam Client API
   FileVer:    6.91.21.57
   ProdVer:    1.0.0.1

Module 6
C:\windows\system32\OPENGL32.dll
Image Base: 0x7a850000  Image Size: 0x001c5000
File Size:  13152       File Time:  2022-02-23_121304
Version:
   Company:    Microsoft Corporation
   Product:    Wine
   FileDesc:   Wine OpenGL Client
   FileVer:    5.1.2600.2082
   ProdVer:    5.1.2600.2082

Module 7
C:\windows\system32\kernelbase.dll
Image Base: 0x7b000000  Image Size: 0x000d9000
File Size:  1168401     File Time:  2022-02-23_121306
Version:
   Company:    Wine OpenGL Client
   Product:    Wine OpenGL Client
   FileDesc:   Wine OpenGL Client
   FileVer:    0.0.0.0
   ProdVer:    0.0.0.0

Module 8
C:\windows\system32\WINTRUST.dll
Image Base: 0xfdfd0000  Image Size: 0x00028000
File Size:  217625      File Time:  2022-02-23_121310
Version:
   Company:    Microsoft Corporation
   Product:    Wine
   FileDesc:   Wine core dll
   FileVer:    6.1.7601.23769
   ProdVer:    6.1.7601.23769

Module 9
C:\windows\system32\kernel32.dll
Image Base: 0x7b600000  Image Size: 0x00212000
File Size:  2484021     File Time:  2022-02-23_121308
Version:
   Company:    Microsoft Corporation
   Product:    Wine
   FileDesc:   Wine kernel DLL
   FileVer:    10.0.19043.1466
   ProdVer:    10.0.19043.1466

Module 10
Z:\home\patrick\.local\share\Steam\steamapps\common\Rust\RustClient_Data\Plugins\x86_64\easyanticheat.dll
Image Base: 0x80000000  Image Size: 0x000c8000
File Size:  798336      File Time:  2022-04-02_194644
Version:
   Company:    Epic Games, Inc
   Product:    EasyAntiCheat
   FileDesc:   EasyAntiCheat Client
   FileVer:    2.0.0.0
   ProdVer:    2.0.0.0

Crash Report configuration:
 * App Name: Rust
 * App Version: Unity 2019.4.7f1_e992b1a16e65
 * Mono DLL: 
 * Bug Reporter App Path: 
 * Crash Report Path: C:\users\steamuser\Temp\Facepunch Studios LTD\Rust\Crashes
 * Is Editor: false

Crash Report metadata:

Additional report files:
 * "output_log.txt" (Output log file)



== [end of error.log] ==
